{"logTime": "1213/040013", "correlationVector":"F6D932AAEB8145E8A664B64454AAF83C","action":"FETCH_UX_CONFIG", "result":""}
{"logTime": "1213/040152", "correlationVector":"my6Tj16kB4OUU/zmD82rl/","action":"EXTENSION_ACTIVITY_LOG_STATUS_FETCHER", "result":""}
{"logTime": "1213/050012", "correlationVector":"9AB456B0E2144576AB31F75D1EC76FB4","action":"FETCH_UX_CONFIG", "result":""}
{"logTime": "1213/060015", "correlationVector":"64A786EDFF424E579C09306BA0D20D43","action":"FETCH_UX_CONFIG", "result":""}
{"logTime": "1213/070015", "correlationVector":"3E81D97FFBD6404E87D2E5469561AEBB","action":"FETCH_UX_CONFIG", "result":""}
{"logTime": "1213/080015", "correlationVector":"3BCB8178007E4F48A005D2457C52E713","action":"FETCH_UX_CONFIG", "result":""}
{"logTime": "1213/080031", "correlationVector":"OzqLjgT+wgvrX4FYvr3TnS","action":"EXTENSION_UPDATER", "result":""}
{"logTime": "1213/204126", "correlationVector":"7nbXKzcvWtc/8tHdVY1jYk","action":"EXTENSION_ACTIVITY_LOG_STATUS_FETCHER", "result":""}
{"logTime": "1213/204126", "correlationVector":"7TaLu/AWJgXaJlbI1EYn/U","action":"EXTENSION_UPDATER", "result":""}
{"logTime": "1213/204128", "correlationVector":"xkl/mRwscQ1J4GcVBOcxhp","action":"EXTENSION_UPDATER", "result":""}
{"logTime": "1213/204132", "correlationVector":"MSudphNhB6o0VPl5DCQptN","action":"EXTENSION_UPDATER", "result":""}
{"logTime": "1213/214128", "correlationVector":"d+LXGHQvaMwEnUGyHvt8jd","action":"EXTENSION_UPDATER", "result":""}
{"logTime": "1213/214128", "correlationVector":"B9773059A0234BAB963C446E7E1B53D8","action":"FETCH_UX_CONFIG", "result":""}
{"logTime": "1213/214328", "correlationVector":"aGVsmTpgbgnFvP+AS9iuRS","action":"EXTENSION_ACTIVITY_LOG_STATUS_FETCHER", "result":""}
{"logTime": "1213/224127", "correlationVector":"061A1387650D49E88990D9140B86D427","action":"FETCH_UX_CONFIG", "result":""}
{"logTime": "1213/234127", "correlationVector":"BC97A5680C444E2D8579A53F622A14C2","action":"FETCH_UX_CONFIG", "result":""}
{"logTime": "1214/004127", "correlationVector":"8C891B17D286409B9F22009924578C93","action":"FETCH_UX_CONFIG", "result":""}
{"logTime": "1214/014127", "correlationVector":"A570E16F4E2F45E0A4802EEC0CD65A0B","action":"FETCH_UX_CONFIG", "result":""}
{"logTime": "1214/015258", "correlationVector":"sKT0wmp9uiBT4rB4SIZaEt","action":"EXTENSION_UPDATER", "result":""}
{"logTime": "1214/024127", "correlationVector":"2F57AEF14D84424EABD676DBD0C21890","action":"FETCH_UX_CONFIG", "result":""}
{"logTime": "1214/024328", "correlationVector":"yN/8n01op1Mdte+GaACoVI","action":"EXTENSION_ACTIVITY_LOG_STATUS_FETCHER", "result":""}
{"logTime": "1214/034129", "correlationVector":"kQMxUpYFM7+brHlOQ0wG/v","action":"EXTENSION_UPDATER", "result":""}
{"logTime": "1214/034129", "correlationVector":"072804E2E5AA47F0817013F7AD2B3FA9","action":"FETCH_UX_CONFIG", "result":""}
{"logTime": "1214/034335", "correlationVector":"C6zqfOn5oqUfWq3Paea6SV","action":"EXTENSION_ACTIVITY_LOG_STATUS_FETCHER", "result":""}
{"logTime": "1214/044128", "correlationVector":"40879699BD02435194C75DEF0CEE94AD","action":"FETCH_UX_CONFIG", "result":""}
{"logTime": "1214/054128", "correlationVector":"C58EED3287884AA3B80BF7189A61A016","action":"FETCH_UX_CONFIG", "result":""}
{"logTime": "1214/210351", "correlationVector":"3xEXpfjqp8noDrvQAinX0q","action":"EXTENSION_ACTIVITY_LOG_STATUS_FETCHER", "result":""}
{"logTime": "1214/210351", "correlationVector":"O3jnZ56PsdQ4TftA/vJCjY","action":"EXTENSION_UPDATER", "result":""}
{"logTime": "1214/210353", "correlationVector":"cVhKXQigmahBy1E2oy4VUk","action":"EXTENSION_UPDATER", "result":""}
{"logTime": "1214/210356", "correlationVector":"Qu+ph6R/0zE8+uunXc2Aln","action":"EXTENSION_UPDATER", "result":""}
{"logTime": "1214/220353", "correlationVector":"EzySPMMm9nLJ2ymnzuIG7D","action":"EXTENSION_UPDATER", "result":""}
{"logTime": "1214/220353", "correlationVector":"8C32E21C8A914CD781427D07900D249F","action":"FETCH_UX_CONFIG", "result":""}
{"logTime": "1214/220457", "correlationVector":"ITsRnmTfYz/d3VvY9/kxJL","action":"EXTENSION_ACTIVITY_LOG_STATUS_FETCHER", "result":""}
{"logTime": "1214/230352", "correlationVector":"2A2011EF1B9F426FBA0A229B228843C4","action":"FETCH_UX_CONFIG", "result":""}
{"logTime": "1215/023942", "correlationVector":"GeS/xCg9feSOijXKixODpC","action":"EXTENSION_UPDATER", "result":""}
{"logTime": "1215/023945", "correlationVector":"2DyQvxG96iHKDgGcE5HW/V","action":"EXTENSION_UPDATER", "result":""}
{"logTime": "1215/023948", "correlationVector":"L3++WKn2b3Eprs3OC3OBKt","action":"EXTENSION_UPDATER", "result":""}
{"logTime": "1215/030457", "correlationVector":"i47dVElft3Z5ocms5XUtKv","action":"EXTENSION_ACTIVITY_LOG_STATUS_FETCHER", "result":""}
{"logTime": "1215/033943", "correlationVector":"450A957E1E094D008756C422E50088CF","action":"FETCH_UX_CONFIG", "result":""}
{"logTime": "1215/043943", "correlationVector":"1E336052B50149778FBAFCD4227DED01","action":"FETCH_UX_CONFIG", "result":""}
{"logTime": "1215/053943", "correlationVector":"7EB22C109683435E9B364DDC21851213","action":"FETCH_UX_CONFIG", "result":""}
{"logTime": "1215/063945", "correlationVector":"5C22D4AED45745F987AC45B8E69B7B03","action":"FETCH_UX_CONFIG", "result":""}
{"logTime": "1215/072609", "correlationVector":"iyAPfBm+otusAhdZ0mA/km","action":"EXTENSION_UPDATER", "result":""}
{"logTime": "1215/073945", "correlationVector":"1BCA21AA105B4647A553E9EA44475AF6","action":"FETCH_UX_CONFIG", "result":""}
{"logTime": "1215/204040", "correlationVector":"rn4+37euCR3JPjFy8FJ++Q","action":"EXTENSION_ACTIVITY_LOG_STATUS_FETCHER", "result":""}
{"logTime": "1215/204040", "correlationVector":"AIB0oAhso8uPteNin2502x","action":"EXTENSION_UPDATER", "result":""}
{"logTime": "1215/204042", "correlationVector":"iheVTL5DJwtY1Z+et2z82R","action":"EXTENSION_UPDATER", "result":""}
{"logTime": "1215/204046", "correlationVector":"J1YA3TLxHbB+4KzT5PFqo7","action":"EXTENSION_UPDATER", "result":""}
{"logTime": "1215/214043", "correlationVector":"5f75TJnAE5gjJvJlqUVaqG","action":"EXTENSION_UPDATER", "result":""}
{"logTime": "1215/214043", "correlationVector":"5FA7B54E99444FE09D1D22BD71F98253","action":"FETCH_UX_CONFIG", "result":""}
{"logTime": "1215/214311", "correlationVector":"DjK5TepyA2WY0q25w+itfi","action":"EXTENSION_ACTIVITY_LOG_STATUS_FETCHER", "result":""}
{"logTime": "1215/224042", "correlationVector":"7873722C499B4011B17427D5E74E19C1","action":"FETCH_UX_CONFIG", "result":""}
{"logTime": "1215/234043", "correlationVector":"51CF2D12392F4312A618AEFA780CF6FA","action":"FETCH_UX_CONFIG", "result":""}
{"logTime": "1216/004043", "correlationVector":"5EE448E8E44E4D80B97BBACCC33C1A6A","action":"FETCH_UX_CONFIG", "result":""}
{"logTime": "1216/014044", "correlationVector":"9387F8900E5A477CACA2D9D2135954A0","action":"FETCH_UX_CONFIG", "result":""}
{"logTime": "1216/023136", "correlationVector":"FVvejgPjkqVZjMxlxZvCP1","action":"EXTENSION_UPDATER", "result":""}
{"logTime": "1216/024043", "correlationVector":"6D84D6E0BE7F4AB8A826CD90D4280CC3","action":"FETCH_UX_CONFIG", "result":""}
{"logTime": "1216/024313", "correlationVector":"INghDn2HxO0yOGZSS4iw/H","action":"EXTENSION_ACTIVITY_LOG_STATUS_FETCHER", "result":""}
{"logTime": "1216/034044", "correlationVector":"01955B29183E405487BCFDA24D482A9A","action":"FETCH_UX_CONFIG", "result":""}
{"logTime": "1216/044044", "correlationVector":"1E7F42C3D0DA4F7FA7324C7AAAD0F958","action":"FETCH_UX_CONFIG", "result":""}
{"logTime": "1216/054044", "correlationVector":"E4BC43984524440FB2F4C3B7A2B0BF97","action":"FETCH_UX_CONFIG", "result":""}
{"logTime": "1216/064044", "correlationVector":"2C0E8A7231AF45C7BA89ED904083EFD7","action":"FETCH_UX_CONFIG", "result":""}
{"logTime": "1216/204100", "correlationVector":"sKNBElhgPalXvA2lI6e3zi","action":"EXTENSION_ACTIVITY_LOG_STATUS_FETCHER", "result":""}
{"logTime": "1216/204100", "correlationVector":"NhDya5ZomJSASnew2tO6x3","action":"EXTENSION_UPDATER", "result":""}
{"logTime": "1216/204100", "correlationVector":"Fm0RDt44ibj/KoJVEZyOsF","action":"EXTENSION_UPDATER", "result":""}
{"logTime": "1216/204103", "correlationVector":"XzXU2fXcH4LtB72i8lFQwx","action":"EXTENSION_UPDATER", "result":""}
{"logTime": "1216/214058", "correlationVector":"2A087CDD66794E2A8124968B496E5032","action":"FETCH_UX_CONFIG", "result":""}
{"logTime": "1216/224100", "correlationVector":"D4B02030D170496999092D4CB6C888A5","action":"FETCH_UX_CONFIG", "result":""}
{"logTime": "1216/234100", "correlationVector":"172828EED8A74CEDBDAB013BCF1981A6","action":"FETCH_UX_CONFIG", "result":""}
{"logTime": "1217/004100", "correlationVector":"8D7341A62DAF4ED7973258E1E9DDE489","action":"FETCH_UX_CONFIG", "result":""}
{"logTime": "1217/013230", "correlationVector":"cq0rPEew+gfWc/4bT+mzUP","action":"EXTENSION_UPDATER", "result":""}
{"logTime": "1217/014059", "correlationVector":"5X5nVF+yYYxXzEfYELdf/Q","action":"EXTENSION_ACTIVITY_LOG_STATUS_FETCHER", "result":""}
{"logTime": "1217/014101", "correlationVector":"2F4EB22409E3481E9F2A0BEE931DB899","action":"FETCH_UX_CONFIG", "result":""}
{"logTime": "1217/024100", "correlationVector":"F124015D37EF43418BC12C25179E2128","action":"FETCH_UX_CONFIG", "result":""}
{"logTime": "1217/034100", "correlationVector":"29F1904F93DA44959C34617E69CA1481","action":"FETCH_UX_CONFIG", "result":""}
{"logTime": "1217/044100", "correlationVector":"D5C617CD8F53412A9A55C8BDA66FD388","action":"FETCH_UX_CONFIG", "result":""}
{"logTime": "1217/054100", "correlationVector":"A5CA403DB450455B8137DECFFAB2B3A9","action":"FETCH_UX_CONFIG", "result":""}
{"logTime": "1217/062535", "correlationVector":"IQGrC5ipAu9CpBGuEhnBgH","action":"EXTENSION_UPDATER", "result":""}
{"logTime": "1217/064100", "correlationVector":"846DF844570D4AB48AD4F206CD88766E","action":"FETCH_UX_CONFIG", "result":""}
{"logTime": "1217/064101", "correlationVector":"7SNFVQOnSOAJ98OplB2M2J","action":"EXTENSION_ACTIVITY_LOG_STATUS_FETCHER", "result":""}
{"logTime": "1217/074100", "correlationVector":"9BAFE0DC7BD1424CAEB4230F36E11EA2","action":"FETCH_UX_CONFIG", "result":""}
{"logTime": "1217/202736", "correlationVector":"VT2eDmcOxFC8QJ371qsV1D","action":"EXTENSION_ACTIVITY_LOG_STATUS_FETCHER", "result":""}
{"logTime": "1217/202737", "correlationVector":"hccuvRrcO0fpM9/vbCTqIx","action":"EXTENSION_UPDATER", "result":""}
{"logTime": "1217/202738", "correlationVector":"f+YldU26lrTRaTlABJQQsT","action":"EXTENSION_UPDATER", "result":""}
{"logTime": "1217/202742", "correlationVector":"3eTchFNA72Gh5GW504pkp+","action":"EXTENSION_UPDATER", "result":""}
{"logTime": "1217/212736", "correlationVector":"5727D92B6842460E993BCA37DC33BE8D","action":"FETCH_UX_CONFIG", "result":""}
{"logTime": "1217/222738", "correlationVector":"2026C9B953694892B0F2B350B4E42580","action":"FETCH_UX_CONFIG", "result":""}
{"logTime": "1217/232738", "correlationVector":"E139A1156E9B4AEDBB13CA2DD6D39B81","action":"FETCH_UX_CONFIG", "result":""}
{"logTime": "1218/012738", "correlationVector":"0GwBBwdqLIGtIFiz21+PdN","action":"EXTENSION_ACTIVITY_LOG_STATUS_FETCHER", "result":""}
{"logTime": "1218/020250", "correlationVector":"9E215E7E3A974D21B62CD6A7009F3870","action":"FETCH_UX_CONFIG", "result":""}
{"logTime": "1218/020932", "correlationVector":"rg2Gd8uLwD8jvB9lJ4Ulbr","action":"EXTENSION_UPDATER", "result":""}
{"logTime": "1218/030250", "correlationVector":"FFD34AF1A4E84E5D8FBDE18CD2C7A23D","action":"FETCH_UX_CONFIG", "result":""}
{"logTime": "1218/040250", "correlationVector":"6CD3230710714FA8AFE5E6ADF6316B51","action":"FETCH_UX_CONFIG", "result":""}
{"logTime": "1218/050250", "correlationVector":"643B5719FEE94D87821CA58CFA76906B","action":"FETCH_UX_CONFIG", "result":""}
{"logTime": "1218/060250", "correlationVector":"9FAF585F6BED4E42B2F7DC29FAAD48B9","action":"FETCH_UX_CONFIG", "result":""}
{"logTime": "1218/062738", "correlationVector":"JgY49KltAwJiVCZSv4CUSU","action":"EXTENSION_ACTIVITY_LOG_STATUS_FETCHER", "result":""}
{"logTime": "1218/070250", "correlationVector":"FAE0095C53BF447CB0563EC847705A4B","action":"FETCH_UX_CONFIG", "result":""}
{"logTime": "1218/075437", "correlationVector":"1XSo4W7IUQu1cXV88pmmWe","action":"EXTENSION_UPDATER", "result":""}
{"logTime": "1218/200942", "correlationVector":"DIeswONg60/dhAZciy8V19","action":"EXTENSION_ACTIVITY_LOG_STATUS_FETCHER", "result":""}
{"logTime": "1218/200942", "correlationVector":"VYmghmJitv/tT0ixvcvIrj","action":"EXTENSION_UPDATER", "result":""}
{"logTime": "1218/200944", "correlationVector":"0f/P+HIx65wESen/38SR8d","action":"EXTENSION_UPDATER", "result":""}
{"logTime": "1218/200948", "correlationVector":"LfaXlkfiSGI200k7xuzKK+","action":"EXTENSION_UPDATER", "result":""}
{"logTime": "1218/210943", "correlationVector":"48E9E4E290A14B76B812C11D7AE1B15B","action":"FETCH_UX_CONFIG", "result":""}
{"logTime": "1218/220942", "correlationVector":"0F1213EB852F47989E0587E322F9146B","action":"FETCH_UX_CONFIG", "result":""}
{"logTime": "1218/230942", "correlationVector":"2801E40FA1EE4163A85AF07C73690579","action":"FETCH_UX_CONFIG", "result":""}
{"logTime": "1219/000943", "correlationVector":"AF18C50E9E0E4DEA9F86883366C15B93","action":"FETCH_UX_CONFIG", "result":""}
{"logTime": "1219/003045", "correlationVector":"iOvoPRW0L9QoFlJORam2cU","action":"EXTENSION_UPDATER", "result":""}
{"logTime": "1219/010942", "correlationVector":"cEde7oxwLAdiy9Nje1U+le","action":"EXTENSION_ACTIVITY_LOG_STATUS_FETCHER", "result":""}
{"logTime": "1219/010943", "correlationVector":"405DAEA22E7A4C87B0B5625E926B2854","action":"FETCH_UX_CONFIG", "result":""}
{"logTime": "1219/020943", "correlationVector":"F320B34450FE4B79AB132C9AC0431107","action":"FETCH_UX_CONFIG", "result":""}
{"logTime": "1219/030943", "correlationVector":"86CCCF5BC781477DB479C2CF5695F196","action":"FETCH_UX_CONFIG", "result":""}
{"logTime": "1219/040943", "correlationVector":"BBC4883C01B94E34A028FF763A74E276","action":"FETCH_UX_CONFIG", "result":""}
{"logTime": "1219/050943", "correlationVector":"78106F771B0D4874B1E02BED4238C96B","action":"FETCH_UX_CONFIG", "result":""}
{"logTime": "1219/053043", "correlationVector":"LepOh/TevxXzAKj1FKcfHl","action":"EXTENSION_UPDATER", "result":""}
{"logTime": "1219/060943", "correlationVector":"TnquKW9Wbds6g7QyTLuFA4","action":"EXTENSION_ACTIVITY_LOG_STATUS_FETCHER", "result":""}
{"logTime": "1219/060943", "correlationVector":"3583725B36FE47309A345A30CE17B153","action":"FETCH_UX_CONFIG", "result":""}
{"logTime": "1219/070943", "correlationVector":"2794BC5CFDD040E49B84E1411194C55A","action":"FETCH_UX_CONFIG", "result":""}
{"logTime": "1219/080943", "correlationVector":"1A87B2C9A7CD4658BE30706862073218","action":"FETCH_UX_CONFIG", "result":""}
{"logTime": "1219/201022", "correlationVector":"YFjMKCOJL8VZ5l9om9ee9B","action":"EXTENSION_ACTIVITY_LOG_STATUS_FETCHER", "result":""}
{"logTime": "1219/201022", "correlationVector":"R/8rfqsvf9u84ETY/ftVLY","action":"EXTENSION_UPDATER", "result":""}
{"logTime": "1219/201024", "correlationVector":"TdgdXqtsVoe4cRWUYEPKOd","action":"EXTENSION_UPDATER", "result":""}
{"logTime": "1219/201028", "correlationVector":"qgOmaTT+W7/Xy4icXjfwk8","action":"EXTENSION_UPDATER", "result":""}
{"logTime": "1219/211025", "correlationVector":"C5B5C0CAEDE041069A716A152F68B20C","action":"FETCH_UX_CONFIG", "result":""}
{"logTime": "1219/221025", "correlationVector":"F4CA4D2644674816814340E6EEEE12D8","action":"FETCH_UX_CONFIG", "result":""}
{"logTime": "1219/231025", "correlationVector":"4E288A89B3894D7DB403D2CFAC330E0D","action":"FETCH_UX_CONFIG", "result":""}
{"logTime": "1220/001025", "correlationVector":"2AD34EB8DB7C4B699F7538432763F07C","action":"FETCH_UX_CONFIG", "result":""}
{"logTime": "1220/005058", "correlationVector":"TydqzOFT8niAHupFUkaNQu","action":"EXTENSION_UPDATER", "result":""}
{"logTime": "1220/011024", "correlationVector":"PYVfN70UuvM2mofVtRmS+W","action":"EXTENSION_ACTIVITY_LOG_STATUS_FETCHER", "result":""}
{"logTime": "1220/011025", "correlationVector":"47E30F9B3FDE41B28FBEFA51F43C94A7","action":"FETCH_UX_CONFIG", "result":""}
{"logTime": "1220/021025", "correlationVector":"E2586B5EFCE94A8CA0AC79E617110981","action":"FETCH_UX_CONFIG", "result":""}
{"logTime": "1220/031025", "correlationVector":"865C9CA1BF3E423FB3A21729699C3F85","action":"FETCH_UX_CONFIG", "result":""}
{"logTime": "1220/041025", "correlationVector":"251D736ABB4444FCA479832FAA2531BC","action":"FETCH_UX_CONFIG", "result":""}
{"logTime": "1220/051025", "correlationVector":"A6ACADCA99CB47519D835FCF525A0BA3","action":"FETCH_UX_CONFIG", "result":""}
{"logTime": "1220/052622", "correlationVector":"5LLmlyjXfZzlCO4Dxk7ptF","action":"EXTENSION_UPDATER", "result":""}
{"logTime": "1220/061025", "correlationVector":"QVgw1uiU3rHfyG8UYebER0","action":"EXTENSION_ACTIVITY_LOG_STATUS_FETCHER", "result":""}
{"logTime": "1220/061025", "correlationVector":"A5852BDB6FD34CD993CD455C0C0E04D1","action":"FETCH_UX_CONFIG", "result":""}
{"logTime": "1220/071025", "correlationVector":"58A3094427404458A138830DFF756886","action":"FETCH_UX_CONFIG", "result":""}
{"logTime": "1220/081025", "correlationVector":"E36BDFF60C1242759B568C1BC5C5F851","action":"FETCH_UX_CONFIG", "result":""}
{"logTime": "1220/214335", "correlationVector":"uKVLy2jB8FBcDIAzM/DinH","action":"EXTENSION_ACTIVITY_LOG_STATUS_FETCHER", "result":""}
{"logTime": "1220/214336", "correlationVector":"pkSoSCSJKUEZiAhsDOmUeY","action":"EXTENSION_UPDATER", "result":""}
{"logTime": "1220/214337", "correlationVector":"bvdK0H26ABuKK0s2rE4+CI","action":"EXTENSION_UPDATER", "result":""}
{"logTime": "1220/214341", "correlationVector":"8Mni+yX0cBSHsV9oDkmut/","action":"EXTENSION_UPDATER", "result":""}
{"logTime": "1220/224335", "correlationVector":"8B8145FCFDF147F6A7BD951D94195441","action":"FETCH_UX_CONFIG", "result":""}
{"logTime": "1220/234337", "correlationVector":"D3AEF51763724BADA0AA368FBA33AD40","action":"FETCH_UX_CONFIG", "result":""}
{"logTime": "1221/004337", "correlationVector":"EB8B28F53F2348E2A0ED382678DB54D0","action":"FETCH_UX_CONFIG", "result":""}
{"logTime": "1221/014337", "correlationVector":"C58BF87439E64C76BEF266067A01B725","action":"FETCH_UX_CONFIG", "result":""}
{"logTime": "1221/023048", "correlationVector":"g1t2ngC4s4qoc4sHgDEsb+","action":"EXTENSION_UPDATER", "result":""}
{"logTime": "1221/024337", "correlationVector":"SjHtvmC88dBBlgTR8Wd46/","action":"EXTENSION_ACTIVITY_LOG_STATUS_FETCHER", "result":""}
{"logTime": "1221/024338", "correlationVector":"0B97BBD3DC8C4A2F9E8858564DA7DD2D","action":"FETCH_UX_CONFIG", "result":""}
{"logTime": "1221/034337", "correlationVector":"D963DAAC19D74071AA71244352CA40D6","action":"FETCH_UX_CONFIG", "result":""}
{"logTime": "1221/044337", "correlationVector":"99344E92890349A19F8061F50EF22443","action":"FETCH_UX_CONFIG", "result":""}
{"logTime": "1221/054337", "correlationVector":"DC80BCA1BC5146D89855DA2E60AA9514","action":"FETCH_UX_CONFIG", "result":""}
{"logTime": "1221/064337", "correlationVector":"727DE5F4AEE647F68605131FA61F4EEB","action":"FETCH_UX_CONFIG", "result":""}
{"logTime": "1221/074337", "correlationVector":"5816E36E955A4463BB4E6B67EB67EA00","action":"FETCH_UX_CONFIG", "result":""}
{"logTime": "1221/074338", "correlationVector":"fsxhVRs2rkOkcmYSgsk+20","action":"EXTENSION_ACTIVITY_LOG_STATUS_FETCHER", "result":""}
{"logTime": "1221/075454", "correlationVector":"sxqQHI2yuThCVTW0KKxmvF","action":"EXTENSION_UPDATER", "result":""}
{"logTime": "1221/084337", "correlationVector":"50E1C1521B3B4F3D9B418E76500DD3EE","action":"FETCH_UX_CONFIG", "result":""}
{"logTime": "1221/215028", "correlationVector":"N7AKZi/FE8J4X4Ms7c1Tbk","action":"EXTENSION_ACTIVITY_LOG_STATUS_FETCHER", "result":""}
{"logTime": "1221/215029", "correlationVector":"075hp3mOnVgFOADkvgf0cK","action":"EXTENSION_UPDATER", "result":""}
{"logTime": "1221/215030", "correlationVector":"T6ANKg4/5JtblimMcdi49E","action":"EXTENSION_UPDATER", "result":""}
{"logTime": "1221/215033", "correlationVector":"iz/Vvrtz/3VhNJtaFNOras","action":"EXTENSION_UPDATER", "result":""}
{"logTime": "1221/225029", "correlationVector":"nuj5j1Z219sM2R+XoovweQ","action":"EXTENSION_UPDATER", "result":""}
{"logTime": "1221/225029", "correlationVector":"609511C25F6A4F5D9145285543D03355","action":"FETCH_UX_CONFIG", "result":""}
{"logTime": "1221/225259", "correlationVector":"etS6JHCpWASJo/nUCJcTm/","action":"EXTENSION_ACTIVITY_LOG_STATUS_FETCHER", "result":""}
{"logTime": "1221/235029", "correlationVector":"9B0EF00FDB6249289329BCD12C8D6EE7","action":"FETCH_UX_CONFIG", "result":""}
{"logTime": "1222/005029", "correlationVector":"F12207FD31DC40F29F57C5FABE2D0E0A","action":"FETCH_UX_CONFIG", "result":""}
{"logTime": "1222/015029", "correlationVector":"7C19E7A8265A456CA0C047FD9B2AD1CC","action":"FETCH_UX_CONFIG", "result":""}
{"logTime": "1222/025029", "correlationVector":"FCB0E55FA29243B3BC79563FAF450B71","action":"FETCH_UX_CONFIG", "result":""}
{"logTime": "1222/031427", "correlationVector":"LSEfOdkgxgWKWW2/LdpSog","action":"EXTENSION_UPDATER", "result":""}
{"logTime": "1222/035029", "correlationVector":"B79BB5E1A7414BDCAA9DAB003D80C386","action":"FETCH_UX_CONFIG", "result":""}
{"logTime": "1222/035300", "correlationVector":"fnoTZ+gbbBphXYMArHzo5g","action":"EXTENSION_ACTIVITY_LOG_STATUS_FETCHER", "result":""}
{"logTime": "1222/045029", "correlationVector":"C3BF77DE37A1441A937B516735AF518B","action":"FETCH_UX_CONFIG", "result":""}
{"logTime": "1222/134511", "correlationVector":"wOi6XtiLX4dgUbO5Qv8zUi","action":"EXTENSION_ACTIVITY_LOG_STATUS_FETCHER", "result":""}
{"logTime": "1222/134511", "correlationVector":"eHhOUIeiHPnBjw7ee0rlnt","action":"EXTENSION_UPDATER", "result":""}
{"logTime": "1222/134511", "correlationVector":"eaXuXC8LI2/KA5D5VBss0x","action":"EXTENSION_UPDATER", "result":""}
{"logTime": "1222/134515", "correlationVector":"q632KQeFcJXib1AfnvuGfG","action":"EXTENSION_UPDATER", "result":""}
{"logTime": "1222/182705", "correlationVector":"0Gaxwbi/szCleViYgFeYhv","action":"EXTENSION_UPDATER", "result":""}
{"logTime": "1222/182709", "correlationVector":"EY0BG5JWKS65FwMGQE8MMp","action":"EXTENSION_UPDATER", "result":""}
{"logTime": "1222/182710", "correlationVector":"VdBjcr7vleFJ+il5YFxGxY","action":"EXTENSION_UPDATER", "result":""}
{"logTime": "1222/182947", "correlationVector":"iENuQDs+/ibWADCJHM8M70","action":"EXTENSION_ACTIVITY_LOG_STATUS_FETCHER", "result":""}
{"logTime": "1222/192709", "correlationVector":"58DDD693D6C24FDCB51E7A4C6EAC601A","action":"FETCH_UX_CONFIG", "result":""}
{"logTime": "1222/202709", "correlationVector":"E7B4D730F0D643538913AA75E9AC1271","action":"FETCH_UX_CONFIG", "result":""}
{"logTime": "1222/212709", "correlationVector":"75C730BA67F24226A807F7D0284EDFC7","action":"FETCH_UX_CONFIG", "result":""}
{"logTime": "1222/222709", "correlationVector":"9599E3B8701E4D03BD8BC70D6EDAF64D","action":"FETCH_UX_CONFIG", "result":""}
{"logTime": "1222/232709", "correlationVector":"86D2B50E66744151BAE08F31AB1F6198","action":"FETCH_UX_CONFIG", "result":""}
{"logTime": "1222/232949", "correlationVector":"UAcb6XFHdPkao+Itr3BdXn","action":"EXTENSION_ACTIVITY_LOG_STATUS_FETCHER", "result":""}
{"logTime": "1222/232954", "correlationVector":"DF3xWooxAVEUvCfJgfkdU5","action":"EXTENSION_UPDATER", "result":""}
{"logTime": "1223/002709", "correlationVector":"20BCE6A991ED419E9A37AA406AE5BD69","action":"FETCH_UX_CONFIG", "result":""}
{"logTime": "1223/012709", "correlationVector":"D10B31AB625A43D2B57A7F293E508A98","action":"FETCH_UX_CONFIG", "result":""}
{"logTime": "1223/022709", "correlationVector":"33A9EC86B20C449DBC59A366F4432245","action":"FETCH_UX_CONFIG", "result":""}
{"logTime": "1223/032709", "correlationVector":"AFFAF181DBF04B7FB7BC92D5197E6642","action":"FETCH_UX_CONFIG", "result":""}
{"logTime": "1223/042709", "correlationVector":"E534CF12A0154C0CA73C195E528CCB55","action":"FETCH_UX_CONFIG", "result":""}
{"logTime": "1223/042949", "correlationVector":"EW8lGFJEY+gPiI1SN+w3J8","action":"EXTENSION_ACTIVITY_LOG_STATUS_FETCHER", "result":""}
{"logTime": "1223/044919", "correlationVector":"YTWwCW7m42SnBzzanXGHOG","action":"EXTENSION_UPDATER", "result":""}
{"logTime": "1223/052709", "correlationVector":"FFCE4D157A1949A9B4D7CEC5D187DA23","action":"FETCH_UX_CONFIG", "result":""}
{"logTime": "1223/134906", "correlationVector":"AGpMO58dzPu9bN+IZj6ndY","action":"EXTENSION_ACTIVITY_LOG_STATUS_FETCHER", "result":""}
{"logTime": "1223/134907", "correlationVector":"ipziJ2SivCog31OsK2T3Yv","action":"EXTENSION_UPDATER", "result":""}
{"logTime": "1223/134908", "correlationVector":"RAwhSp2KGBAL1fsnFQmxKo","action":"EXTENSION_UPDATER", "result":""}
{"logTime": "1223/134912", "correlationVector":"VcnkpBEgYt/PYT6uULF05X","action":"EXTENSION_UPDATER", "result":""}
{"logTime": "1223/183132", "correlationVector":"PjnLGuQmv1T09E/zOWh5X+","action":"EXTENSION_UPDATER", "result":""}
{"logTime": "1223/183132", "correlationVector":"ECDE78BF47F046AFB79B31DC93D8E5C6","action":"FETCH_UX_CONFIG", "result":""}
{"logTime": "1223/183231", "correlationVector":"aJpn6qLnZ2Vd+zaeHdKXUZ","action":"EXTENSION_ACTIVITY_LOG_STATUS_FETCHER", "result":""}
{"logTime": "1223/193134", "correlationVector":"B7629ADAEE334E46AFB863F6F5546F05","action":"FETCH_UX_CONFIG", "result":""}
{"logTime": "1223/203134", "correlationVector":"7F62D59648194F90B30589D063FF74B0","action":"FETCH_UX_CONFIG", "result":""}
{"logTime": "1224/000622", "correlationVector":"o6e+Zjhd4x1eSJ1In7PD6G","action":"EXTENSION_ACTIVITY_LOG_STATUS_FETCHER", "result":""}
{"logTime": "1224/000623", "correlationVector":"c9q4/R5EPVyPN5H0AUFJm6","action":"EXTENSION_UPDATER", "result":""}
{"logTime": "1224/000625", "correlationVector":"BDBX17zSZk/8cXPlvmUeqM","action":"EXTENSION_UPDATER", "result":""}
{"logTime": "1224/000628", "correlationVector":"GqGnHyoFq2An1Cflv+Om/z","action":"EXTENSION_UPDATER", "result":""}
{"logTime": "1224/010623", "correlationVector":"88F34D20AD6146468FBA79968D4288A5","action":"FETCH_UX_CONFIG", "result":""}
{"logTime": "1224/020623", "correlationVector":"5B19D8829B3E48DB81763410B80CDE32","action":"FETCH_UX_CONFIG", "result":""}
{"logTime": "1224/030623", "correlationVector":"1F70FDEB19144A08BF778DF771D96AF0","action":"FETCH_UX_CONFIG", "result":""}
{"logTime": "1224/040623", "correlationVector":"7838721C4BD744768AB09E8557C9C5CE","action":"FETCH_UX_CONFIG", "result":""}
{"logTime": "1224/050623", "correlationVector":"aZmR8+3BE0Xkp+NtRHrqXO","action":"EXTENSION_ACTIVITY_LOG_STATUS_FETCHER", "result":""}
{"logTime": "1224/050623", "correlationVector":"BF7841FBA38D40FCB6963D3FB55CF3A2","action":"FETCH_UX_CONFIG", "result":""}
{"logTime": "1224/050821", "correlationVector":"IP0LVwXdxwVWzQK52MNEpr","action":"EXTENSION_UPDATER", "result":""}
{"logTime": "1224/060623", "correlationVector":"AD9CDBD2BFA5498FAD73E1785BB19F47","action":"FETCH_UX_CONFIG", "result":""}
{"logTime": "1224/070623", "correlationVector":"19DD2A9698414A25A10D95480198BF87","action":"FETCH_UX_CONFIG", "result":""}
{"logTime": "1224/080623", "correlationVector":"7F7CCD51B6C74358B1E403B4BF62AECD","action":"FETCH_UX_CONFIG", "result":""}
{"logTime": "1224/090623", "correlationVector":"1839832C847C4C3D83765E90E2859464","action":"FETCH_UX_CONFIG", "result":""}
{"logTime": "1224/100623", "correlationVector":"kviBpCiejZgi4x3ejR8y1a","action":"EXTENSION_ACTIVITY_LOG_STATUS_FETCHER", "result":""}
{"logTime": "1224/100623", "correlationVector":"69926A6B86194E4CA2C5F4294DF579B0","action":"FETCH_UX_CONFIG", "result":""}
{"logTime": "1224/215046", "correlationVector":"LlvJ3xD1lsALITQ1hs9qjc","action":"EXTENSION_ACTIVITY_LOG_STATUS_FETCHER", "result":""}
{"logTime": "1224/215046", "correlationVector":"1qRRpr3opR5aEXsNTxSy92","action":"EXTENSION_UPDATER", "result":""}
{"logTime": "1224/215051", "correlationVector":"529B0F0C77C54458A629F9347A4EB69A","action":"FETCH_UX_CONFIG", "result":""}
{"logTime": "1224/225047", "correlationVector":"70B5434D18D94F8AAD61B3F2BBBFB866","action":"FETCH_UX_CONFIG", "result":""}
{"logTime": "1224/235047", "correlationVector":"6600DA69184E49B0BE36B069C84EEE5A","action":"FETCH_UX_CONFIG", "result":""}
{"logTime": "1225/005047", "correlationVector":"87F870F2430B41CE80AB34FF3C8E3A57","action":"FETCH_UX_CONFIG", "result":""}
{"logTime": "1225/015047", "correlationVector":"1CAAA77C89744B08B9DF0AD7501A60FF","action":"FETCH_UX_CONFIG", "result":""}
{"logTime": "1225/015859", "correlationVector":"SmhAkokPFX5qq9DujqAdHI","action":"EXTENSION_UPDATER", "result":""}
{"logTime": "1225/025047", "correlationVector":"63AD80EB334140549F3067C723E9EB53","action":"FETCH_UX_CONFIG", "result":""}
{"logTime": "1225/025052", "correlationVector":"bhnW+Pw+os5/hEiPg6Un4g","action":"EXTENSION_ACTIVITY_LOG_STATUS_FETCHER", "result":""}
{"logTime": "1225/035047", "correlationVector":"983D86AD60364B80819C35A95F61D5FD","action":"FETCH_UX_CONFIG", "result":""}
{"logTime": "1225/045047", "correlationVector":"1092DAE0485E482AA85291E45B026EAB","action":"FETCH_UX_CONFIG", "result":""}
{"logTime": "1225/165819", "correlationVector":"P9brk6kKfUF7UMEU1hnDG1","action":"EXTENSION_ACTIVITY_LOG_STATUS_FETCHER", "result":""}
{"logTime": "1225/165819", "correlationVector":"WeIZco5b+YRJ0SIKkj0XhK","action":"EXTENSION_UPDATER", "result":""}
{"logTime": "1225/165821", "correlationVector":"WRdXeYd/eeBa2j00D7q8wU","action":"EXTENSION_UPDATER", "result":""}
{"logTime": "1225/165825", "correlationVector":"wwOHD8nqoyUuLTX5Iphkjb","action":"EXTENSION_UPDATER", "result":""}
{"logTime": "1225/175820", "correlationVector":"333955E9FE0D41C2B21C11F97209D0E2","action":"FETCH_UX_CONFIG", "result":""}
{"logTime": "1225/185821", "correlationVector":"E2A0E71E2BF14DFA9E4C4602E10783E3","action":"FETCH_UX_CONFIG", "result":""}
{"logTime": "1225/195821", "correlationVector":"853DB85914B9430590521464635DB440","action":"FETCH_UX_CONFIG", "result":""}
{"logTime": "1225/205821", "correlationVector":"07FE06A9A6424E1AB72E706B72E7F615","action":"FETCH_UX_CONFIG", "result":""}
{"logTime": "1225/213127", "correlationVector":"L+EjrP1Vb9x/2jfEynzfrR","action":"EXTENSION_UPDATER", "result":""}
{"logTime": "1225/215821", "correlationVector":"d28IUnahThLR331uR1UFqj","action":"EXTENSION_ACTIVITY_LOG_STATUS_FETCHER", "result":""}
{"logTime": "1225/215822", "correlationVector":"5CFFC34681864602AB95D36E00C545BB","action":"FETCH_UX_CONFIG", "result":""}
{"logTime": "1225/225821", "correlationVector":"0984B3C8A83F49629422AE9EA7B5F712","action":"FETCH_UX_CONFIG", "result":""}
{"logTime": "1225/235821", "correlationVector":"20E71A6EDC5C45599F23029EA8ADEA6A","action":"FETCH_UX_CONFIG", "result":""}
{"logTime": "1226/005821", "correlationVector":"C6EFDB628C704B40A376FA4E3047E9CA","action":"FETCH_UX_CONFIG", "result":""}
{"logTime": "1226/015123", "correlationVector":"8Q0a/eA1qwKuud45DvbiiI","action":"EXTENSION_UPDATER", "result":""}
{"logTime": "1226/015821", "correlationVector":"D5DF6BD48D3C46FEB7BC3C2BAAC697DA","action":"FETCH_UX_CONFIG", "result":""}
{"logTime": "1226/025822", "correlationVector":"vGRktNOIdL2cvPOs8wkroU","action":"EXTENSION_ACTIVITY_LOG_STATUS_FETCHER", "result":""}
{"logTime": "1226/025822", "correlationVector":"6D800D352790473EAB52685BAF309ED6","action":"FETCH_UX_CONFIG", "result":""}
{"logTime": "1226/035821", "correlationVector":"4442FBE62D934CC48B9FE317B2E2993D","action":"FETCH_UX_CONFIG", "result":""}
{"logTime": "1226/045821", "correlationVector":"C36946F6A8F1487AA1211B28CE46176E","action":"FETCH_UX_CONFIG", "result":""}
{"logTime": "1226/182529", "correlationVector":"mtglD7Ob1FmjCvdSIkb2e7","action":"EXTENSION_ACTIVITY_LOG_STATUS_FETCHER", "result":""}
{"logTime": "1226/182537", "correlationVector":"cCBkyG0Puz0BpfZu7beM5g","action":"EXTENSION_UPDATER", "result":""}
{"logTime": "1226/182537", "correlationVector":"btYCQeowCyXh5ARDqf08kz","action":"EXTENSION_UPDATER", "result":""}
{"logTime": "1227/035046", "correlationVector":"38iLHuMGjb/y8dpPs7v35w","action":"EXTENSION_ACTIVITY_LOG_STATUS_FETCHER", "result":""}
{"logTime": "1227/035046", "correlationVector":"KPowynfIbdOf5dLiJZYvjR","action":"EXTENSION_UPDATER", "result":""}
{"logTime": "1227/035048", "correlationVector":"9QZbJIC1ys8p5lu/mZFtLc","action":"EXTENSION_UPDATER", "result":""}
{"logTime": "1227/035048", "correlationVector":"96C575F8D0324459BD5B43077A0E2B3C","action":"FETCH_UX_CONFIG", "result":""}
{"logTime": "1227/035346", "correlationVector":"9hjjuxy4qk5XoVXzMqkP0O","action":"EXTENSION_ACTIVITY_LOG_STATUS_FETCHER", "result":""}
{"logTime": "1227/045047", "correlationVector":"09B000E83984403C9B4E90C820ACD5A3","action":"FETCH_UX_CONFIG", "result":""}
{"logTime": "1227/055047", "correlationVector":"61895F00CDDF495FBFC588B18452BB52","action":"FETCH_UX_CONFIG", "result":""}
{"logTime": "1227/205114", "correlationVector":"cOmYjt3WhiPcWvI684yhN/","action":"EXTENSION_ACTIVITY_LOG_STATUS_FETCHER", "result":""}
{"logTime": "1227/205114", "correlationVector":"c4Ww34m8m5+y/I9TBPiFz7","action":"EXTENSION_UPDATER", "result":""}
{"logTime": "1227/205116", "correlationVector":"fHGx42fx8TpN5eYe1WSile","action":"EXTENSION_UPDATER", "result":""}
{"logTime": "1227/205120", "correlationVector":"kICuUBQX6uD7zu9Yk/AKEB","action":"EXTENSION_UPDATER", "result":""}
{"logTime": "1227/215115", "correlationVector":"7FFC221B5F44464B9C255C75C92255B4","action":"FETCH_UX_CONFIG", "result":""}
{"logTime": "1227/225114", "correlationVector":"60D4B4F6BD014BD1AE8F7D27E67F2A28","action":"FETCH_UX_CONFIG", "result":""}
{"logTime": "1227/235115", "correlationVector":"E53FB572702F472E8B1BC8EE735F0F48","action":"FETCH_UX_CONFIG", "result":""}
{"logTime": "1228/005115", "correlationVector":"0A71B2E849AD46EFB94CB03421458434","action":"FETCH_UX_CONFIG", "result":""}
{"logTime": "1228/015114", "correlationVector":"o36dE+DvWzjBqa7/2myAD+","action":"EXTENSION_ACTIVITY_LOG_STATUS_FETCHER", "result":""}
{"logTime": "1228/015115", "correlationVector":"A3A1E76F30AF45F5BA17E5FCA382434C","action":"FETCH_UX_CONFIG", "result":""}
{"logTime": "1228/024554", "correlationVector":"CUlS86kG1LPth0Mw7UaYX/","action":"EXTENSION_UPDATER", "result":""}
{"logTime": "1228/025115", "correlationVector":"DA186D41D1E84AEEBCDDC25156DDA847","action":"FETCH_UX_CONFIG", "result":""}
{"logTime": "1228/035115", "correlationVector":"AF88DA5B18E2496CB5C8B4AD66F12744","action":"FETCH_UX_CONFIG", "result":""}
{"logTime": "1228/045115", "correlationVector":"3E140C7100E6483BB09E914F182ED2DB","action":"FETCH_UX_CONFIG", "result":""}
{"logTime": "1228/055115", "correlationVector":"45351C22A1F34159A4C829476C8626E8","action":"FETCH_UX_CONFIG", "result":""}
{"logTime": "1228/065115", "correlationVector":"G2v8K26oIVk2e7u8ni8g8T","action":"EXTENSION_ACTIVITY_LOG_STATUS_FETCHER", "result":""}
{"logTime": "1228/065116", "correlationVector":"3F38741BFDEC437880EB8E5DBB1006B8","action":"FETCH_UX_CONFIG", "result":""}
{"logTime": "1228/070235", "correlationVector":"KwjyU4ZyedSaGgTxOStXnS","action":"EXTENSION_UPDATER", "result":""}
{"logTime": "1228/191216", "correlationVector":"roxs9Ta3/EA8/hiI1e0McN","action":"EXTENSION_ACTIVITY_LOG_STATUS_FETCHER", "result":""}
{"logTime": "1228/191216", "correlationVector":"wJxqp9cdofZDlSJ9NaShgG","action":"EXTENSION_UPDATER", "result":""}
{"logTime": "1228/191221", "correlationVector":"F98051ADF0A746BDBBB6C00C210E53EF","action":"FETCH_UX_CONFIG", "result":""}
{"logTime": "1228/201210", "correlationVector":"5GgKMJaJcKLgkmJ0/g6d8o","action":"EXTENSION_UPDATER", "result":""}
{"logTime": "1228/201210", "correlationVector":"A899EE1BAAB940729823114D143B84F7","action":"FETCH_UX_CONFIG", "result":""}
{"logTime": "1228/201411", "correlationVector":"GrMYv6GrZ/ezwD+Oz1Wpoq","action":"EXTENSION_ACTIVITY_LOG_STATUS_FETCHER", "result":""}
{"logTime": "1228/211209", "correlationVector":"C6D4BE5114C84028A7746EC578E2E448","action":"FETCH_UX_CONFIG", "result":""}
{"logTime": "1228/221209", "correlationVector":"3D376BCEFE8C4A879B3924957F14C91C","action":"FETCH_UX_CONFIG", "result":""}
{"logTime": "1228/231209", "correlationVector":"ECC5502058094494B89FAFAA53BA5EC9","action":"FETCH_UX_CONFIG", "result":""}
{"logTime": "1229/001209", "correlationVector":"D8DF2912FDCA41A7A4D549D840369556","action":"FETCH_UX_CONFIG", "result":""}
{"logTime": "1229/011209", "correlationVector":"021F26B090E043EFA9B062CED904859B","action":"FETCH_UX_CONFIG", "result":""}
{"logTime": "1229/011411", "correlationVector":"cSEN9U1uqGHciFeHm9orLx","action":"EXTENSION_ACTIVITY_LOG_STATUS_FETCHER", "result":""}
{"logTime": "1229/015000", "correlationVector":"ExVK4EbjVVfCbtmjWC4EjJ","action":"EXTENSION_UPDATER", "result":""}
{"logTime": "1229/021209", "correlationVector":"5E877235927844EFB5F00A696181BAE1","action":"FETCH_UX_CONFIG", "result":""}
{"logTime": "1229/031209", "correlationVector":"C8ADA82C1E9B4773A260FB6E573E9E2E","action":"FETCH_UX_CONFIG", "result":""}
{"logTime": "1229/041209", "correlationVector":"D9109F41F49A4FE4A264C268132CF033","action":"FETCH_UX_CONFIG", "result":""}
{"logTime": "1229/051209", "correlationVector":"F97336C22160497FB176CE3B0F7759B7","action":"FETCH_UX_CONFIG", "result":""}
{"logTime": "1229/055636", "correlationVector":"ZzrGMHmeeAwdU/PwYYMjOO","action":"EXTENSION_UPDATER", "result":""}
{"logTime": "1229/061209", "correlationVector":"DADEFB1BE13B49928E10A78480970DEA","action":"FETCH_UX_CONFIG", "result":""}
{"logTime": "1229/061411", "correlationVector":"hwIVaRojIEjBkwFcdYxdzT","action":"EXTENSION_ACTIVITY_LOG_STATUS_FETCHER", "result":""}
{"logTime": "1229/071209", "correlationVector":"7F16F4189AA24DBBB381DD827FECAF27","action":"FETCH_UX_CONFIG", "result":""}
{"logTime": "1229/081209", "correlationVector":"29497D97D8F4410583378B5D379D62C2","action":"FETCH_UX_CONFIG", "result":""}
{"logTime": "1229/173608", "correlationVector":"u42moeGRv/XFuwNz0iJ/jd","action":"EXTENSION_ACTIVITY_LOG_STATUS_FETCHER", "result":""}
{"logTime": "1229/173609", "correlationVector":"6D51C54ADFC84581AA93974D345E181A","action":"FETCH_UX_CONFIG", "result":""}
{"logTime": "1229/173609", "correlationVector":"IgRY/Lj0xCLg7Wv6hPjcSI","action":"EXTENSION_UPDATER", "result":""}
{"logTime": "1229/183600", "correlationVector":"A56E9EC4D3AB43469E916DC7CBC3D873","action":"FETCH_UX_CONFIG", "result":""}
{"logTime": "1229/193602", "correlationVector":"F62EADDEC18A4A5C94DDD9ABFB9FD281","action":"FETCH_UX_CONFIG", "result":""}
{"logTime": "1229/203602", "correlationVector":"58E783A20FB8431F9DD2984F93642D9F","action":"FETCH_UX_CONFIG", "result":""}
{"logTime": "1229/212919", "correlationVector":"UuTWokK9luHNQsC3qKik71","action":"EXTENSION_UPDATER", "result":""}
{"logTime": "1229/212919", "correlationVector":"09777AC1CFFB4D989783822A66637960","action":"FETCH_UX_CONFIG", "result":""}
{"logTime": "1229/213218", "correlationVector":"oPi2GvR1UIO+YST1x33X6E","action":"EXTENSION_ACTIVITY_LOG_STATUS_FETCHER", "result":""}
{"logTime": "1229/222918", "correlationVector":"A73EE00A2BD94558942CE6C6E199F7AE","action":"FETCH_UX_CONFIG", "result":""}
{"logTime": "1229/232918", "correlationVector":"487FD57120F54CEBB21F8C0910AABB8D","action":"FETCH_UX_CONFIG", "result":""}
{"logTime": "1230/002918", "correlationVector":"9285DB48070B4F9B959273FD557FB957","action":"FETCH_UX_CONFIG", "result":""}
{"logTime": "1230/012918", "correlationVector":"656081E49C40478F80B6AB167E3FD54B","action":"FETCH_UX_CONFIG", "result":""}
{"logTime": "1230/022918", "correlationVector":"24215D6D807946BF83AF83E2849E5B26","action":"FETCH_UX_CONFIG", "result":""}
{"logTime": "1230/023218", "correlationVector":"5/mNQchEPcKhEK4I4o3MkA","action":"EXTENSION_ACTIVITY_LOG_STATUS_FETCHER", "result":""}
{"logTime": "1230/031014", "correlationVector":"WwixR/1enfDfPVwlsQxM4s","action":"EXTENSION_UPDATER", "result":""}
{"logTime": "1230/032918", "correlationVector":"B6B37D9B3D9B4418872D7F4602B7C353","action":"FETCH_UX_CONFIG", "result":""}
{"logTime": "1230/042918", "correlationVector":"2DB7F9F70F804A259A31F91FB220B098","action":"FETCH_UX_CONFIG", "result":""}
{"logTime": "1230/052918", "correlationVector":"969E0FC2C90F425ABCF9999D3AD7AA1F","action":"FETCH_UX_CONFIG", "result":""}
{"logTime": "1230/062918", "correlationVector":"0A29DCA114794B609F2AB9A3EF37BA6B","action":"FETCH_UX_CONFIG", "result":""}
{"logTime": "1230/072918", "correlationVector":"52A64ED2370744699F888F96A18A3AEB","action":"FETCH_UX_CONFIG", "result":""}
{"logTime": "1230/073218", "correlationVector":"hEGZ6Jvs0TWw4M0YwoWUlL","action":"EXTENSION_ACTIVITY_LOG_STATUS_FETCHER", "result":""}
{"logTime": "1230/075020", "correlationVector":"ay3b1Qn5/z2fuQndw67Cfz","action":"EXTENSION_UPDATER", "result":""}
{"logTime": "1230/082918", "correlationVector":"C76C9B4D1A0C46F3B6E59A9D4D1F8BAD","action":"FETCH_UX_CONFIG", "result":""}
{"logTime": "1230/092918", "correlationVector":"061344C89FA84056AADF209A45E54AD3","action":"FETCH_UX_CONFIG", "result":""}
{"logTime": "1230/102918", "correlationVector":"83D8A5E16FC7441FAB93FD6CDFB0FD82","action":"FETCH_UX_CONFIG", "result":""}
{"logTime": "1230/212831", "correlationVector":"MG+hZnt+PDDWPt2TMzQYfR","action":"EXTENSION_ACTIVITY_LOG_STATUS_FETCHER", "result":""}
{"logTime": "1230/212831", "correlationVector":"bV8tCf4BmT+z4MBc6TQfXR","action":"EXTENSION_UPDATER", "result":""}
{"logTime": "1230/212833", "correlationVector":"iPtHB2Eq4nfw1iAZLT/s40","action":"EXTENSION_UPDATER", "result":""}
{"logTime": "1230/212837", "correlationVector":"wpC5Yw50tCGcBShjo5ialY","action":"EXTENSION_UPDATER", "result":""}
{"logTime": "1230/222832", "correlationVector":"58D0881D20364277A8179B5E18A31F82","action":"FETCH_UX_CONFIG", "result":""}
{"logTime": "1230/232831", "correlationVector":"E82CC5FCF4A840EB8A9B8AFCD428C171","action":"FETCH_UX_CONFIG", "result":""}
{"logTime": "1231/002831", "correlationVector":"F399868A33474AAABCD558F770872DDE","action":"FETCH_UX_CONFIG", "result":""}
{"logTime": "1231/012831", "correlationVector":"1FC1C52EFE5E43E78071338099A43C42","action":"FETCH_UX_CONFIG", "result":""}
{"logTime": "1231/022831", "correlationVector":"5aeZOrPkl8YwqPu2hO/OAW","action":"EXTENSION_ACTIVITY_LOG_STATUS_FETCHER", "result":""}
{"logTime": "1231/022831", "correlationVector":"037565BE5C174BDC9D8E3345C962CE69","action":"FETCH_UX_CONFIG", "result":""}
{"logTime": "1231/031311", "correlationVector":"nwa55g44dFxp7nsPdpclOF","action":"EXTENSION_UPDATER", "result":""}
{"logTime": "1231/032831", "correlationVector":"06A72E5DD79C41EDBC82947CB65757EC","action":"FETCH_UX_CONFIG", "result":""}
{"logTime": "1231/042831", "correlationVector":"A866FDBF307946749F60BF5C6E9B0DFB","action":"FETCH_UX_CONFIG", "result":""}
{"logTime": "1231/052831", "correlationVector":"887E7D56BF284E0DBE33D7B0B5921405","action":"FETCH_UX_CONFIG", "result":""}
{"logTime": "1231/062833", "correlationVector":"FCABDEC2C29A491193057CEAC46C77F7","action":"FETCH_UX_CONFIG", "result":""}
{"logTime": "1231/072833", "correlationVector":"Gs8EUPtAMUkaQFSLfV5Jyi","action":"EXTENSION_ACTIVITY_LOG_STATUS_FETCHER", "result":""}
{"logTime": "1231/072833", "correlationVector":"0BFF66A7ACED466688F3B030317BBEEE","action":"FETCH_UX_CONFIG", "result":""}
{"logTime": "1231/074815", "correlationVector":"enu33GF4WfPpIueKXpYRnd","action":"EXTENSION_UPDATER", "result":""}
{"logTime": "1231/082833", "correlationVector":"C907C9FEE9BD4E3C97EDD015EA2BFED3","action":"FETCH_UX_CONFIG", "result":""}
{"logTime": "1231/092833", "correlationVector":"0C2405CE726B476F8BB1BB90E2C09B99","action":"FETCH_UX_CONFIG", "result":""}
{"logTime": "1231/102833", "correlationVector":"8DE00D645A124043A777507110727296","action":"FETCH_UX_CONFIG", "result":""}
{"logTime": "1231/203341", "correlationVector":"G6ruHPCHVLB1byTeMR6djy","action":"EXTENSION_ACTIVITY_LOG_STATUS_FETCHER", "result":""}
{"logTime": "1231/203349", "correlationVector":"LaZp+S4e0IgeMdGmZFdouD","action":"EXTENSION_UPDATER", "result":""}
{"logTime": "1231/203349", "correlationVector":"JZc6O0js2PL7kM0fgshxq0","action":"EXTENSION_UPDATER", "result":""}
{"logTime": "1231/203354", "correlationVector":"mCaeYAa1gmZkzT2pzw3gys","action":"EXTENSION_UPDATER", "result":""}
{"logTime": "1231/213341", "correlationVector":"2C009453BA4A4D38985F34EE12F7592F","action":"FETCH_UX_CONFIG", "result":""}
{"logTime": "1231/223342", "correlationVector":"56683A4F146847E9904CAF38148798A9","action":"FETCH_UX_CONFIG", "result":""}
{"logTime": "1231/233342", "correlationVector":"EE413657B590485C8B3165FAA5DC4D73","action":"FETCH_UX_CONFIG", "result":""}
{"logTime": "0101/003342", "correlationVector":"2BDD731716D34A4692E07F130535769B","action":"FETCH_UX_CONFIG", "result":""}
{"logTime": "0101/013341", "correlationVector":"i7GKKyJb5ug436jC9gcsxn","action":"EXTENSION_ACTIVITY_LOG_STATUS_FETCHER", "result":""}
{"logTime": "0101/013342", "correlationVector":"1330AEE4720143FA8A1D4A798ACFFC41","action":"FETCH_UX_CONFIG", "result":""}
{"logTime": "0101/215706", "correlationVector":"EwRkwQ6t4osBBNCx6TG/V0","action":"EXTENSION_ACTIVITY_LOG_STATUS_FETCHER", "result":""}
{"logTime": "0101/215707", "correlationVector":"vOIPB3Ct7suzUUsvoE/KGz","action":"EXTENSION_UPDATER", "result":""}
{"logTime": "0101/215708", "correlationVector":"DRFqm0BXIsp2eDgcdcqVZi","action":"EXTENSION_UPDATER", "result":""}
{"logTime": "0101/215712", "correlationVector":"I8vH63RrtQk02bFChYmnJ6","action":"EXTENSION_UPDATER", "result":""}
{"logTime": "0101/225707", "correlationVector":"34574F581C5440FDB4B045A42A2A2051","action":"FETCH_UX_CONFIG", "result":""}
{"logTime": "0101/235707", "correlationVector":"F93BBE0F507D43D3A7F08B6AC9FD0B39","action":"FETCH_UX_CONFIG", "result":""}
{"logTime": "0102/005707", "correlationVector":"B0DC197AC9E44B4F89792A27C2CDFAE1","action":"FETCH_UX_CONFIG", "result":""}
{"logTime": "0102/015707", "correlationVector":"56148E32837142BBA7C996C73583F604","action":"FETCH_UX_CONFIG", "result":""}
{"logTime": "0102/021306", "correlationVector":"GSVWpViexkNk8WM05zIfUy","action":"EXTENSION_UPDATER", "result":""}
{"logTime": "0102/025706", "correlationVector":"d90fbHs+WcbWrvdLaYFw4f","action":"EXTENSION_ACTIVITY_LOG_STATUS_FETCHER", "result":""}
{"logTime": "0102/025707", "correlationVector":"B283B748DC2144D6AB4947366E516E0E","action":"FETCH_UX_CONFIG", "result":""}
{"logTime": "0102/035706", "correlationVector":"07CCF2E58E42412E9F6B6AA6C25AF5F2","action":"FETCH_UX_CONFIG", "result":""}
{"logTime": "0102/165637", "correlationVector":"6g/bwgs5Vtxo/HH+BM/C4m","action":"EXTENSION_ACTIVITY_LOG_STATUS_FETCHER", "result":""}
{"logTime": "0102/165637", "correlationVector":"Ruw//ri4idoVcIReQVbKW0","action":"EXTENSION_UPDATER", "result":""}
{"logTime": "0102/165639", "correlationVector":"hLJP5cGbIp+ZaaLe6zQ1Fv","action":"EXTENSION_UPDATER", "result":""}
{"logTime": "0102/165643", "correlationVector":"t08dFjJtsJpZkrfIhWHczj","action":"EXTENSION_UPDATER", "result":""}
{"logTime": "0102/175639", "correlationVector":"Zg+/y1NVk7c+0Z8ElbNNgP","action":"EXTENSION_UPDATER", "result":""}
{"logTime": "0102/175639", "correlationVector":"D05B4503A85745F9894C3C21136B6793","action":"FETCH_UX_CONFIG", "result":""}
{"logTime": "0102/175803", "correlationVector":"cVDYjYnyHGEo8GAPlA3hF1","action":"EXTENSION_ACTIVITY_LOG_STATUS_FETCHER", "result":""}
{"logTime": "0102/185638", "correlationVector":"B03C3ECFD24D49DEB30B526D7C3CD9E6","action":"FETCH_UX_CONFIG", "result":""}
{"logTime": "0102/195638", "correlationVector":"A3E2CFC4A3F949E995B6B8023ECBDE51","action":"FETCH_UX_CONFIG", "result":""}
{"logTime": "0102/205638", "correlationVector":"E2A892D09DB34674AF8229AC6D286AFA","action":"FETCH_UX_CONFIG", "result":""}
{"logTime": "0102/215638", "correlationVector":"F1F0AC3B222A463AA5EDA464362465BF","action":"FETCH_UX_CONFIG", "result":""}
{"logTime": "0102/224156", "correlationVector":"Xrmim3DsIWGq+pNPI2k0Kt","action":"EXTENSION_UPDATER", "result":""}
{"logTime": "0102/225638", "correlationVector":"1F91AA4E4C99462FB272D08F182C9B6D","action":"FETCH_UX_CONFIG", "result":""}
{"logTime": "0102/225803", "correlationVector":"5Q87cN6qLzIKEAHkNyxfgY","action":"EXTENSION_ACTIVITY_LOG_STATUS_FETCHER", "result":""}
{"logTime": "0102/235639", "correlationVector":"6405FF184FB24B68BABA2D2ADF5396BD","action":"FETCH_UX_CONFIG", "result":""}
{"logTime": "0103/005639", "correlationVector":"475CB8D1909C4923B58A1FBF9D5CEEE9","action":"FETCH_UX_CONFIG", "result":""}
{"logTime": "0103/015639", "correlationVector":"B8D604D50A424B2F8C92F373FAD9DE58","action":"FETCH_UX_CONFIG", "result":""}
{"logTime": "0103/025640", "correlationVector":"BA8CB8A57E0F41F29275B595EE097B9A","action":"FETCH_UX_CONFIG", "result":""}
{"logTime": "0103/035640", "correlationVector":"445D7FFEE24346CEA8243E546B616287","action":"FETCH_UX_CONFIG", "result":""}
{"logTime": "0103/035805", "correlationVector":"MiueN1hh8AYPjeBTW0usRk","action":"EXTENSION_ACTIVITY_LOG_STATUS_FETCHER", "result":""}
{"logTime": "0103/043444", "correlationVector":"2iUPogarmq3u6v5O45a3eE","action":"EXTENSION_UPDATER", "result":""}
{"logTime": "0103/045640", "correlationVector":"826C8314AC8A49D4B6C0C421CF393129","action":"FETCH_UX_CONFIG", "result":""}
{"logTime": "0103/150901", "correlationVector":"2PUCVPhW2opzjFFDUQJFCS","action":"EXTENSION_ACTIVITY_LOG_STATUS_FETCHER", "result":""}
{"logTime": "0103/150902", "correlationVector":"h/TzKh/RkfQmWR6jdAv8z9","action":"EXTENSION_UPDATER", "result":""}
{"logTime": "0103/150902", "correlationVector":"E22575E594DD4065B3E54CF939033D06","action":"FETCH_UX_CONFIG", "result":""}
{"logTime": "0103/180021", "correlationVector":"MIOnu9Bp7RqwjVvDL/1TNc","action":"EXTENSION_UPDATER", "result":""}
{"logTime": "0103/180021", "correlationVector":"AAF76ACD542E48A0A33E048B7A6189AC","action":"FETCH_UX_CONFIG", "result":""}
{"logTime": "0103/180149", "correlationVector":"L2CCA0Uyj9VxifP0XFyx7t","action":"EXTENSION_ACTIVITY_LOG_STATUS_FETCHER", "result":""}
{"logTime": "0103/190019", "correlationVector":"47D2E97A417B45248F7222EC0E5B0E6E","action":"FETCH_UX_CONFIG", "result":""}
{"logTime": "0103/200018", "correlationVector":"3E35EA98DA4446E9ADC8663F500319AB","action":"FETCH_UX_CONFIG", "result":""}
{"logTime": "0103/210018", "correlationVector":"3DD025C14D11458489E0087E15AF5699","action":"FETCH_UX_CONFIG", "result":""}
{"logTime": "0103/220021", "correlationVector":"TJ7tU9XkT8UeCezeUODf2n","action":"EXTENSION_UPDATER", "result":""}
{"logTime": "0103/220021", "correlationVector":"38C7680BFDDA4E469052CE069B8E0CAF","action":"FETCH_UX_CONFIG", "result":""}
{"logTime": "0103/220247", "correlationVector":"IBMJviUofMwx2oGAnpad4s","action":"EXTENSION_ACTIVITY_LOG_STATUS_FETCHER", "result":""}
{"logTime": "0103/230020", "correlationVector":"8E658D60EA6146BEB8793578E7329508","action":"FETCH_UX_CONFIG", "result":""}
{"logTime": "0104/000021", "correlationVector":"A9EE0690C162458B8C012C35CF31D092","action":"FETCH_UX_CONFIG", "result":""}
{"logTime": "0104/010022", "correlationVector":"CD6C37E9D2234EF18146DB04392048B1","action":"FETCH_UX_CONFIG", "result":""}
{"logTime": "0104/020021", "correlationVector":"373D7075E87748CBBD384CE23DFDB397","action":"FETCH_UX_CONFIG", "result":""}
{"logTime": "0104/024452", "correlationVector":"+VSms3SdDMgUKPSScHRYO3","action":"EXTENSION_UPDATER", "result":""}
{"logTime": "0104/030021", "correlationVector":"4ADE8DF679B845A0B7100EFE5431B0FF","action":"FETCH_UX_CONFIG", "result":""}
{"logTime": "0104/030247", "correlationVector":"UuL7ylzIRn2uHRA7pf6/kB","action":"EXTENSION_ACTIVITY_LOG_STATUS_FETCHER", "result":""}
{"logTime": "0104/040027", "correlationVector":"80oftCa9QcAtK+0SanI40c","action":"EXTENSION_UPDATER", "result":""}
{"logTime": "0104/040029", "correlationVector":"EC44BC47977345058F8993533BEE9B34","action":"FETCH_UX_CONFIG", "result":""}
{"logTime": "0104/040227", "correlationVector":"DJY50PmfBL6RSkArbXy2bK","action":"EXTENSION_ACTIVITY_LOG_STATUS_FETCHER", "result":""}
{"logTime": "0104/050026", "correlationVector":"D21D7015768B4AB4A3D6A5CEE80B27CC","action":"FETCH_UX_CONFIG", "result":""}
{"logTime": "0104/162035", "correlationVector":"zpienQp1V8pVHtelbn5c7Z","action":"EXTENSION_ACTIVITY_LOG_STATUS_FETCHER", "result":""}
{"logTime": "0104/162035", "correlationVector":"Mgg7x+6zJZ4S5NGZMhWBHG","action":"EXTENSION_UPDATER", "result":""}
{"logTime": "0104/162037", "correlationVector":"869344183AD14FFF963313B70CA52D15","action":"FETCH_UX_CONFIG", "result":""}
{"logTime": "0104/172036", "correlationVector":"1FEA368C64004B368D3746807B5BCF7A","action":"FETCH_UX_CONFIG", "result":""}
{"logTime": "0104/182036", "correlationVector":"DD89F656FB0D4DFC856365A123C5EA14","action":"FETCH_UX_CONFIG", "result":""}
{"logTime": "0104/192036", "correlationVector":"25C24A9338E74D6DAAE8410C29351766","action":"FETCH_UX_CONFIG", "result":""}
{"logTime": "0104/200421", "correlationVector":"bsqcS/ZLHleTVNMtpnLbaA","action":"EXTENSION_UPDATER", "result":""}
{"logTime": "0104/200421", "correlationVector":"95190C4342D34975AF26D16706959E30","action":"FETCH_UX_CONFIG", "result":""}
{"logTime": "0104/200643", "correlationVector":"8eTSyeOuKavfkH44mvtB14","action":"EXTENSION_ACTIVITY_LOG_STATUS_FETCHER", "result":""}
{"logTime": "0104/210421", "correlationVector":"0FA9B5C47CC744D99774ADC22522E9A3","action":"FETCH_UX_CONFIG", "result":""}
{"logTime": "0104/220421", "correlationVector":"BF4FCACA31C34987912CE9C71727A548","action":"FETCH_UX_CONFIG", "result":""}
{"logTime": "0104/230428", "correlationVector":"Qm/4L82Qhzu/kzbo+2Kb14","action":"EXTENSION_UPDATER", "result":""}
{"logTime": "0104/230429", "correlationVector":"6CF9067225AE49B3B0DA87573263C883","action":"FETCH_UX_CONFIG", "result":""}
{"logTime": "0104/230555", "correlationVector":"Oh7+J5CRP08X2g+jnGlGAP","action":"EXTENSION_ACTIVITY_LOG_STATUS_FETCHER", "result":""}
{"logTime": "0105/000427", "correlationVector":"5C3BCD2DB5AF410E966B9A21DD57BEC8","action":"FETCH_UX_CONFIG", "result":""}
{"logTime": "0105/010428", "correlationVector":"ED923459BDE14912B4125C34A361C9B1","action":"FETCH_UX_CONFIG", "result":""}
{"logTime": "0105/020427", "correlationVector":"52DF51A5FA7C4DF19929FD0B0BE7706F","action":"FETCH_UX_CONFIG", "result":""}
{"logTime": "0105/030427", "correlationVector":"21C1AB7CC1F04082A337D79EFDECC62A","action":"FETCH_UX_CONFIG", "result":""}
{"logTime": "0105/040402", "correlationVector":"rIsApzN64q+6woqj/BWiAv","action":"EXTENSION_UPDATER", "result":""}
{"logTime": "0105/040427", "correlationVector":"EC6EE613530B474BA777354FF6CCB5BA","action":"FETCH_UX_CONFIG", "result":""}
{"logTime": "0105/040555", "correlationVector":"1hjrE14GE5SzlOd06KicAQ","action":"EXTENSION_ACTIVITY_LOG_STATUS_FETCHER", "result":""}
{"logTime": "0105/050435", "correlationVector":"NODNLJqqon3o8sJ+4oyzfS","action":"EXTENSION_UPDATER", "result":""}
{"logTime": "0105/050437", "correlationVector":"985E02F7387043BA997F74A4970F5EC9","action":"FETCH_UX_CONFIG", "result":""}
{"logTime": "0105/050540", "correlationVector":"4Xh/pj/RKOgGMuFnOqA4jl","action":"EXTENSION_ACTIVITY_LOG_STATUS_FETCHER", "result":""}
{"logTime": "0105/153043", "correlationVector":"HvuWragD2XV8/Q12hgnR4N","action":"EXTENSION_ACTIVITY_LOG_STATUS_FETCHER", "result":""}
{"logTime": "0105/153043", "correlationVector":"p4G30akZwz4ity9vM5O0PC","action":"EXTENSION_UPDATER", "result":""}
{"logTime": "0105/153044", "correlationVector":"894FA36874E84C84B23C359B3A25495C","action":"FETCH_UX_CONFIG", "result":""}
{"logTime": "0105/181538", "correlationVector":"PZSwN7aF57wx7mkmSE/r/8","action":"EXTENSION_UPDATER", "result":""}
{"logTime": "0105/181538", "correlationVector":"2ABA1C377EF0481D9E7FFAD1F3BF40E5","action":"FETCH_UX_CONFIG", "result":""}
{"logTime": "0105/181825", "correlationVector":"EMyZobuRi31vhWp2Vb5G7u","action":"EXTENSION_ACTIVITY_LOG_STATUS_FETCHER", "result":""}
{"logTime": "0105/191538", "correlationVector":"54E71BEE73E34167BDB30A4B5AEDF516","action":"FETCH_UX_CONFIG", "result":""}
{"logTime": "0105/214613", "correlationVector":"695A0E162D07400FB5C636C5563BE2F2","action":"FETCH_UX_CONFIG", "result":""}
{"logTime": "0105/222637", "correlationVector":"dsCP0CIWw9GFhREQl1MwCD","action":"EXTENSION_UPDATER", "result":""}
{"logTime": "0105/224611", "correlationVector":"88FF960B38C243329C016B0E75297DD5","action":"FETCH_UX_CONFIG", "result":""}
{"logTime": "0105/231827", "correlationVector":"OVuOirnwrVm3j1O9a8DUvP","action":"EXTENSION_ACTIVITY_LOG_STATUS_FETCHER", "result":""}
{"logTime": "0105/234611", "correlationVector":"918C4DF781674805A72EB9A0303A7ED3","action":"FETCH_UX_CONFIG", "result":""}
{"logTime": "0106/004611", "correlationVector":"517830B513604AC580CE7967B7FE0101","action":"FETCH_UX_CONFIG", "result":""}
{"logTime": "0106/014611", "correlationVector":"DB2817EDEEB54AD5B5B2CD9BA2E42083","action":"FETCH_UX_CONFIG", "result":""}
{"logTime": "0106/024611", "correlationVector":"3F7BF7E222E7419987E77483330EB3E0","action":"FETCH_UX_CONFIG", "result":""}
{"logTime": "0106/034515", "correlationVector":"xLwazmSmLtZw7j3PxChND/","action":"EXTENSION_UPDATER", "result":""}
{"logTime": "0106/034612", "correlationVector":"39B5FB426ECD4A57999340B1B096D9EB","action":"FETCH_UX_CONFIG", "result":""}
{"logTime": "0106/041827", "correlationVector":"0a6xsXANotWgqnSHict46f","action":"EXTENSION_ACTIVITY_LOG_STATUS_FETCHER", "result":""}
{"logTime": "0106/044628", "correlationVector":"2ECFE0F975C6432EBD55F4D152FFD19A","action":"FETCH_UX_CONFIG", "result":""}
{"logTime": "0106/054611", "correlationVector":"4E33243D92CC42A496FD9D34871161C5","action":"FETCH_UX_CONFIG", "result":""}
{"logTime": "0106/064611", "correlationVector":"5351F667CA8F4613B3138B94AE84C1D5","action":"FETCH_UX_CONFIG", "result":""}
{"logTime": "0106/074611", "correlationVector":"ABB3E2A811B54EFD8DAA7A311B0B47FB","action":"FETCH_UX_CONFIG", "result":""}
{"logTime": "0106/195436", "correlationVector":"Qx/1FVHOGz/cAUxLzqCWjR","action":"EXTENSION_ACTIVITY_LOG_STATUS_FETCHER", "result":""}
{"logTime": "0106/195439", "correlationVector":"lgLvmYAeh9sqfSzZAb21ug","action":"EXTENSION_UPDATER", "result":""}
{"logTime": "0106/195441", "correlationVector":"2F6DCCA40FB14645803AA345A1805C7A","action":"FETCH_UX_CONFIG", "result":""}
{"logTime": "0106/205450", "correlationVector":"XTmhOuqavbKXlJfjKXx+XS","action":"EXTENSION_UPDATER", "result":""}
{"logTime": "0106/205451", "correlationVector":"2984C3E0E5F24F1F9822BDB9CD165461","action":"FETCH_UX_CONFIG", "result":""}
{"logTime": "0106/205620", "correlationVector":"CWeRvQ3JKEi9Iq6ZV7TRHT","action":"EXTENSION_ACTIVITY_LOG_STATUS_FETCHER", "result":""}
{"logTime": "0106/213009", "correlationVector":"2BDD67B286DF481FBD2EF71396043F4C","action":"FETCH_UX_CONFIG", "result":""}
{"logTime": "0106/213009", "correlationVector":"HLXNrlejz4V7lEjb+bR7x7","action":"EXTENSION_UPDATER", "result":""}
{"logTime": "0106/213014", "correlationVector":"jBjrKf0kdN9fTD9N26KPyd","action":"EXTENSION_UPDATER", "result":""}
{"logTime": "0106/213014", "correlationVector":"FC7B943BDED34C02B16B4861B392AD67","action":"FETCH_UX_CONFIG", "result":""}
{"logTime": "0106/213210", "correlationVector":"tB2DXgEfe8x+/mQbVIk3x9","action":"EXTENSION_ACTIVITY_LOG_STATUS_FETCHER", "result":""}
{"logTime": "0106/223013", "correlationVector":"374B2116660A45DCA91DC01FD94D7253","action":"FETCH_UX_CONFIG", "result":""}
{"logTime": "0106/233013", "correlationVector":"FABEC9BE1D3345D9B7B849D360758206","action":"FETCH_UX_CONFIG", "result":""}
{"logTime": "0107/003013", "correlationVector":"6914C785FA714A57B7A694D979D02EE6","action":"FETCH_UX_CONFIG", "result":""}
{"logTime": "0107/013013", "correlationVector":"B9D25913DF4D4A378B92D504FBBB2A20","action":"FETCH_UX_CONFIG", "result":""}
{"logTime": "0107/021059", "correlationVector":"lIx6Ihzve2XYWyU/66JNRX","action":"EXTENSION_UPDATER", "result":""}
{"logTime": "0107/023013", "correlationVector":"09F36B75C02147E1A85439F45E0D30E9","action":"FETCH_UX_CONFIG", "result":""}
{"logTime": "0107/023210", "correlationVector":"hxQu3Eq0Tzzre8e85L2W0e","action":"EXTENSION_ACTIVITY_LOG_STATUS_FETCHER", "result":""}
{"logTime": "0107/033013", "correlationVector":"58B1DE20BA6740808E68F564BE9BF983","action":"FETCH_UX_CONFIG", "result":""}
{"logTime": "0107/043013", "correlationVector":"8C280711BC264FD4B89907C9F2617499","action":"FETCH_UX_CONFIG", "result":""}
{"logTime": "0107/053013", "correlationVector":"A367193A35C741BCA9E24874105E47EE","action":"FETCH_UX_CONFIG", "result":""}
{"logTime": "0107/063013", "correlationVector":"0BFC86A572F74BDF848CA37C94F17949","action":"FETCH_UX_CONFIG", "result":""}
{"logTime": "0107/073013", "correlationVector":"7018B4FEC5C24760A6F4AB390552E2AF","action":"FETCH_UX_CONFIG", "result":""}
{"logTime": "0107/073210", "correlationVector":"8ZtbeAvZDIJS3IuKCv1dRq","action":"EXTENSION_ACTIVITY_LOG_STATUS_FETCHER", "result":""}
{"logTime": "0107/074546", "correlationVector":"GVZl7p4ncbTGGRESJGlQJQ","action":"EXTENSION_UPDATER", "result":""}
{"logTime": "0107/083013", "correlationVector":"651F2EE5BD61437EAEFF8DF88576913D","action":"FETCH_UX_CONFIG", "result":""}
{"logTime": "0107/093013", "correlationVector":"61F8DF5A321240A8B46335046BFA2F43","action":"FETCH_UX_CONFIG", "result":""}
{"logTime": "0107/103013", "correlationVector":"ADE915FCEF834A449CB008EBD5D5343F","action":"FETCH_UX_CONFIG", "result":""}
{"logTime": "0107/204158", "correlationVector":"TUJf2ApPd4DfM8JcVSVaan","action":"EXTENSION_ACTIVITY_LOG_STATUS_FETCHER", "result":""}
{"logTime": "0107/204159", "correlationVector":"kmwomDK7xIhNNI6ON6DOPP","action":"EXTENSION_UPDATER", "result":""}
{"logTime": "0107/204200", "correlationVector":"5EC157BCD9E8479BBBD0D6C7CE2E34B3","action":"FETCH_UX_CONFIG", "result":""}
{"logTime": "0107/214158", "correlationVector":"DD930A20DB3B4ADF8E6577306C944184","action":"FETCH_UX_CONFIG", "result":""}
{"logTime": "0107/224200", "correlationVector":"BB8B298CAB37465CA9C14DE71C00C660","action":"FETCH_UX_CONFIG", "result":""}
{"logTime": "0107/234200", "correlationVector":"C1157C88955B4103A89F758B54F07FD7","action":"FETCH_UX_CONFIG", "result":""}
{"logTime": "0108/004200", "correlationVector":"26D5CA2EB0A74BD5BE0E788CECE79E32","action":"FETCH_UX_CONFIG", "result":""}
{"logTime": "0108/014200", "correlationVector":"32592E50EC8D4732B24759BD6B988BF2","action":"FETCH_UX_CONFIG", "result":""}
{"logTime": "0108/014200", "correlationVector":"0P8mIuzmFTHS/xJ5FAhjpa","action":"EXTENSION_ACTIVITY_LOG_STATUS_FETCHER", "result":""}
{"logTime": "0108/022521", "correlationVector":"TeFcX1vXKhIP0LtgSqgm7q","action":"EXTENSION_UPDATER", "result":""}
{"logTime": "0108/024200", "correlationVector":"C2B18489C2504A81BD1E654B14FBCC3F","action":"FETCH_UX_CONFIG", "result":""}
{"logTime": "0108/034200", "correlationVector":"39EFD8E68B3A49FC8FE2096894AD31C7","action":"FETCH_UX_CONFIG", "result":""}
{"logTime": "0108/044200", "correlationVector":"0092853691104E1A897D389A86748533","action":"FETCH_UX_CONFIG", "result":""}
{"logTime": "0108/054200", "correlationVector":"A57BBE249C814AF6831F804EE80D7E9B","action":"FETCH_UX_CONFIG", "result":""}
{"logTime": "0108/152151", "correlationVector":"Eap5f0TAxqq7L2y56EMAx1","action":"EXTENSION_ACTIVITY_LOG_STATUS_FETCHER", "result":""}
{"logTime": "0108/152151", "correlationVector":"P1R9YMOB8I3I/3iyQwXr/t","action":"EXTENSION_UPDATER", "result":""}
{"logTime": "0108/152154", "correlationVector":"BED33C70DB764731BEBA836B546E594B","action":"FETCH_UX_CONFIG", "result":""}
{"logTime": "0108/190628", "correlationVector":"46A3E57B418B4BA88F46E860DAF163A5","action":"FETCH_UX_CONFIG", "result":""}
{"logTime": "0108/214210", "correlationVector":"Ow7PkhNWiGPjrzk+swm5VE","action":"EXTENSION_ACTIVITY_LOG_STATUS_FETCHER", "result":""}
{"logTime": "0108/214219", "correlationVector":"KYW2SXvir0Aj4bCABw/TwE","action":"EXTENSION_UPDATER", "result":""}
{"logTime": "0108/214219", "correlationVector":"615EE213F5674333AC89FC6AAB5C7AA9","action":"FETCH_UX_CONFIG", "result":""}
{"logTime": "0108/214951", "correlationVector":"LoTjginy4sAy0SAUU2j8F8","action":"EXTENSION_UPDATER", "result":""}
{"logTime": "0108/214951", "correlationVector":"816C646CA86C4FF499F351FE286E258B","action":"FETCH_UX_CONFIG", "result":""}
{"logTime": "0108/215140", "correlationVector":"W+5MTbbAWEpfTJfyD1PWOW","action":"EXTENSION_ACTIVITY_LOG_STATUS_FETCHER", "result":""}
{"logTime": "0108/224952", "correlationVector":"Z5vnRWhEd2ce4aoXhkoOiP","action":"EXTENSION_UPDATER", "result":""}
{"logTime": "0108/224952", "correlationVector":"CAEE0E20AB23477C8777C9B61B6CFA4F","action":"FETCH_UX_CONFIG", "result":""}
{"logTime": "0108/225120", "correlationVector":"WwM1WviMlNQmRyg7YRVcu9","action":"EXTENSION_ACTIVITY_LOG_STATUS_FETCHER", "result":""}
{"logTime": "0108/234952", "correlationVector":"324A9C7FC3A6410787808983A44F0B06","action":"FETCH_UX_CONFIG", "result":""}
{"logTime": "0109/004952", "correlationVector":"2A5DD50D943842ACA1C2A911DE3BB8A9","action":"FETCH_UX_CONFIG", "result":""}
{"logTime": "0109/014952", "correlationVector":"C5FB2E011EC44F9489145D9D7E79F3B9","action":"FETCH_UX_CONFIG", "result":""}
{"logTime": "0109/024952", "correlationVector":"6D894256A1DD41A6922519FCB71ACAF6","action":"FETCH_UX_CONFIG", "result":""}
{"logTime": "0109/034952", "correlationVector":"0D9141F8593849CA8527E6FBF33D54F1","action":"FETCH_UX_CONFIG", "result":""}
{"logTime": "0109/035121", "correlationVector":"HCro5DHfLZd2eFQVT77rmB","action":"EXTENSION_ACTIVITY_LOG_STATUS_FETCHER", "result":""}
{"logTime": "0109/042356", "correlationVector":"NghfRg0XhmnGkTSeH7JWJ6","action":"EXTENSION_UPDATER", "result":""}
{"logTime": "0109/044954", "correlationVector":"4OFdAVrDRhf3BxQhEI9+B0","action":"EXTENSION_UPDATER", "result":""}
{"logTime": "0109/044955", "correlationVector":"FA2D113320BF431EAE7A6CC1F2B24626","action":"FETCH_UX_CONFIG", "result":""}
{"logTime": "0109/045246", "correlationVector":"HPB6N07RI/G0U9ba5dSt4J","action":"EXTENSION_ACTIVITY_LOG_STATUS_FETCHER", "result":""}
{"logTime": "0109/054954", "correlationVector":"E4E522BF001443E49507850DB0A2C462","action":"FETCH_UX_CONFIG", "result":""}
{"logTime": "0109/161636", "correlationVector":"Kma1pqhwQE34N/vIWjmC4P","action":"EXTENSION_ACTIVITY_LOG_STATUS_FETCHER", "result":""}
{"logTime": "0109/161636", "correlationVector":"zoToLy0UuA+0DSC4UcOar8","action":"EXTENSION_UPDATER", "result":""}
{"logTime": "0109/161643", "correlationVector":"t7ei1A2QKQHXcfVOFrX2AI","action":"EXTENSION_UPDATER", "result":""}
{"logTime": "0109/161643", "correlationVector":"Ny8MBwH3SN5hOfV0/YsBz5","action":"EXTENSION_UPDATER", "result":""}
{"logTime": "0109/171637", "correlationVector":"EbezApJ+Zkxwm4WP0qb/fF","action":"EXTENSION_UPDATER", "result":""}
{"logTime": "0109/171637", "correlationVector":"B505C3D633374A1CB2FD4BBB744B269C","action":"FETCH_UX_CONFIG", "result":""}
{"logTime": "0109/171810", "correlationVector":"10vZ/oY+HjrQL3YfeCtdmb","action":"EXTENSION_ACTIVITY_LOG_STATUS_FETCHER", "result":""}
{"logTime": "0109/181637", "correlationVector":"C826817ECE73427D8421CC14262CF328","action":"FETCH_UX_CONFIG", "result":""}
{"logTime": "0109/191637", "correlationVector":"94F3ED01F9584AB4B5D5EF2956C65845","action":"FETCH_UX_CONFIG", "result":""}
{"logTime": "0109/201637", "correlationVector":"0F5F99B8EFB7488681271C9F3ECC3A23","action":"FETCH_UX_CONFIG", "result":""}
{"logTime": "0109/211637", "correlationVector":"2DFDB4C7DA1E4F61AB9DBD832F35E5C6","action":"FETCH_UX_CONFIG", "result":""}
{"logTime": "0109/220712", "correlationVector":"ya+8wrd8U3JYAYhyMn1I5I","action":"EXTENSION_UPDATER", "result":""}
{"logTime": "0109/221637", "correlationVector":"3F753D0BC21D4C9695EC20843C63E034","action":"FETCH_UX_CONFIG", "result":""}
{"logTime": "0109/221810", "correlationVector":"+Nd18lBQOw4bT9Ofo5VQJU","action":"EXTENSION_ACTIVITY_LOG_STATUS_FETCHER", "result":""}
{"logTime": "0109/231637", "correlationVector":"AF92EFCEADC34B86B1851EECADC59412","action":"FETCH_UX_CONFIG", "result":""}
{"logTime": "0110/001637", "correlationVector":"9C742CA51716404486001647189897BB","action":"FETCH_UX_CONFIG", "result":""}
{"logTime": "0110/011637", "correlationVector":"B6EB624C6B4A40FB940ABDA65F62AB13","action":"FETCH_UX_CONFIG", "result":""}
{"logTime": "0110/021637", "correlationVector":"1108BCB653CD493193D2E95D8A7E019C","action":"FETCH_UX_CONFIG", "result":""}
{"logTime": "0110/023955", "correlationVector":"1LhELLeyIM3q7fey7f/m3Q","action":"EXTENSION_UPDATER", "result":""}
{"logTime": "0110/031637", "correlationVector":"57D61863B76B4525AA8EF5612C262732","action":"FETCH_UX_CONFIG", "result":""}
{"logTime": "0110/031810", "correlationVector":"dV1g6Q+auv3d1tvkpDO0TZ","action":"EXTENSION_ACTIVITY_LOG_STATUS_FETCHER", "result":""}
{"logTime": "0110/041637", "correlationVector":"18C20C1C8D3F468E8318558E68E09000","action":"FETCH_UX_CONFIG", "result":""}
{"logTime": "0110/051637", "correlationVector":"6ECE268A96AB4A7A9458C3DDD7B4B965","action":"FETCH_UX_CONFIG", "result":""}
{"logTime": "0110/061637", "correlationVector":"F09B5435F37042F9B9502729B1CC0F09","action":"FETCH_UX_CONFIG", "result":""}
{"logTime": "0110/064946", "correlationVector":"z9lqkCG0Z0tE61f/6O5q0S","action":"EXTENSION_UPDATER", "result":""}
{"logTime": "0110/151629", "correlationVector":"Pu7ueetiNhAJSKK7lF3lPi","action":"EXTENSION_ACTIVITY_LOG_STATUS_FETCHER", "result":""}
{"logTime": "0110/151629", "correlationVector":"940S1AdMoLxIQ/fuu7LT+A","action":"EXTENSION_UPDATER", "result":""}
{"logTime": "0110/151629", "correlationVector":"37AB29349FAC4BC1BB26EF0A64F8D769","action":"FETCH_UX_CONFIG", "result":""}
{"logTime": "0110/215519", "correlationVector":"DSuOpJTmzme/VI+/KViY87","action":"EXTENSION_ACTIVITY_LOG_STATUS_FETCHER", "result":""}
{"logTime": "0110/215529", "correlationVector":"HPt7cJYLF0HdI1WHpI2FwI","action":"EXTENSION_UPDATER", "result":""}
{"logTime": "0110/215531", "correlationVector":"6CCA52E0C1474BA3878AABB2B2A2809A","action":"FETCH_UX_CONFIG", "result":""}
{"logTime": "0110/225520", "correlationVector":"00DBA89EEC9643CE99FB7FC81C34584C","action":"FETCH_UX_CONFIG", "result":""}
{"logTime": "0110/235519", "correlationVector":"FA20288FAF67467E9521561BCD5301DE","action":"FETCH_UX_CONFIG", "result":""}
{"logTime": "0111/005521", "correlationVector":"82D203E176F649678C03F86C71B35275","action":"FETCH_UX_CONFIG", "result":""}
{"logTime": "0111/015522", "correlationVector":"0455C8B5178641B5A8E5B9F8D6594664","action":"FETCH_UX_CONFIG", "result":""}
{"logTime": "0111/025522", "correlationVector":"68B302D88C324B56B2257D2278771FFD","action":"FETCH_UX_CONFIG", "result":""}
{"logTime": "0111/025531", "correlationVector":"laxwxiOaHyC2bX7nrU0CuP","action":"EXTENSION_ACTIVITY_LOG_STATUS_FETCHER", "result":""}
{"logTime": "0111/025828", "correlationVector":"oOK3Zcet+EMmFdtr/ZOR9O","action":"EXTENSION_UPDATER", "result":""}
{"logTime": "0111/035522", "correlationVector":"6A40403C223E499E8CAE738419DD8375","action":"FETCH_UX_CONFIG", "result":""}
{"logTime": "0111/045522", "correlationVector":"BE58ED8B4C0F4F1CA793464C4AA3EBC7","action":"FETCH_UX_CONFIG", "result":""}
{"logTime": "0111/055522", "correlationVector":"FD8B608ECE454C25B52E25AE169DEEF8","action":"FETCH_UX_CONFIG", "result":""}
{"logTime": "0111/065522", "correlationVector":"37BEF671B593460888E42C5068DB8F34","action":"FETCH_UX_CONFIG", "result":""}
{"logTime": "0111/070536", "correlationVector":"qdxcDKPRSvPz+zdqnOjRFb","action":"EXTENSION_UPDATER", "result":""}
{"logTime": "0111/164937", "correlationVector":"yHA8McaEC55iGAmz9N8xgu","action":"EXTENSION_ACTIVITY_LOG_STATUS_FETCHER", "result":""}
{"logTime": "0111/164945", "correlationVector":"Dt8/UEu23S0bTKDqqLEaIu","action":"EXTENSION_UPDATER", "result":""}
{"logTime": "0111/164949", "correlationVector":"76F7FEF0B6FE4B82877BA2C25DEF9ED7","action":"FETCH_UX_CONFIG", "result":""}
{"logTime": "0111/174939", "correlationVector":"OpeFOMOPWX3bBVHpHbKxZ3","action":"EXTENSION_UPDATER", "result":""}
{"logTime": "0111/174939", "correlationVector":"07044B51DECC4911A1D4277B20AAAB14","action":"FETCH_UX_CONFIG", "result":""}
{"logTime": "0111/175121", "correlationVector":"a5a+3RyCe6mOXe2mM82H1q","action":"EXTENSION_ACTIVITY_LOG_STATUS_FETCHER", "result":""}
{"logTime": "0111/184939", "correlationVector":"D9DB4C8FAA9E433CB8962DE20A886F2D","action":"FETCH_UX_CONFIG", "result":""}
{"logTime": "0111/194940", "correlationVector":"357DE996F352466D9047B321C5CCF9FB","action":"FETCH_UX_CONFIG", "result":""}
{"logTime": "0111/204940", "correlationVector":"88CB3CB191BA4C1D9557D0F969CFBFCB","action":"FETCH_UX_CONFIG", "result":""}
{"logTime": "0111/214940", "correlationVector":"4AB4ACA5C5764C25AF4563269B276740","action":"FETCH_UX_CONFIG", "result":""}
{"logTime": "0111/215946", "correlationVector":"A09gjwgrK1Co9oSmMo19vZ","action":"EXTENSION_UPDATER", "result":""}
{"logTime": "0111/224940", "correlationVector":"687AC29ACD7B4E228A3A6F5BBCB0BDC6","action":"FETCH_UX_CONFIG", "result":""}
{"logTime": "0111/225123", "correlationVector":"x4m7M8FXuWIfcBvIJcNrM/","action":"EXTENSION_ACTIVITY_LOG_STATUS_FETCHER", "result":""}
{"logTime": "0111/234941", "correlationVector":"E5DE6B55376B4EBDA10069E27CF98DEF","action":"FETCH_UX_CONFIG", "result":""}
{"logTime": "0112/004940", "correlationVector":"AA390A611E8142A8A85016CBA79CE2A1","action":"FETCH_UX_CONFIG", "result":""}
{"logTime": "0112/014940", "correlationVector":"9AA896B6B434464095DB897EDFC06D3E","action":"FETCH_UX_CONFIG", "result":""}
{"logTime": "0112/024940", "correlationVector":"5E37B27CD861466E850785C38E01D581","action":"FETCH_UX_CONFIG", "result":""}
{"logTime": "0112/031554", "correlationVector":"T2QXE7Gjft9i4sb9ggy9az","action":"EXTENSION_UPDATER", "result":""}
{"logTime": "0112/034940", "correlationVector":"8642323ECE71408497ED9CB67A07A9A3","action":"FETCH_UX_CONFIG", "result":""}
{"logTime": "0112/035123", "correlationVector":"DDDZW6Nyq+xeXs0X6SHkhi","action":"EXTENSION_ACTIVITY_LOG_STATUS_FETCHER", "result":""}
{"logTime": "0112/044940", "correlationVector":"46DD8AC641A94D7C984171651A2CD3C9","action":"FETCH_UX_CONFIG", "result":""}
{"logTime": "0112/154543", "correlationVector":"GOZBawtOn4M0Yhj1NyQFLo","action":"EXTENSION_UPDATER", "result":""}
{"logTime": "0112/154543", "correlationVector":"A757928F8F4D4A77BD532FB9C1C18B62","action":"FETCH_UX_CONFIG", "result":""}
{"logTime": "0112/154703", "correlationVector":"mQ+nU0HHqsES9QBwPALc7b","action":"EXTENSION_ACTIVITY_LOG_STATUS_FETCHER", "result":""}
{"logTime": "0113/020423", "correlationVector":"J/LkY4g7Ld+g/kiyYtp9Ez","action":"EXTENSION_ACTIVITY_LOG_STATUS_FETCHER", "result":""}
{"logTime": "0113/020423", "correlationVector":"W8tRHMCoL5uXufvkwXEHJS","action":"EXTENSION_UPDATER", "result":""}
{"logTime": "0113/020425", "correlationVector":"rQGFZTwtxKe2s870QGVVtA","action":"EXTENSION_UPDATER", "result":""}
{"logTime": "0113/020429", "correlationVector":"ZVnNo8XmvSENMWc/FEP461","action":"EXTENSION_UPDATER", "result":""}
{"logTime": "0113/030427", "correlationVector":"ESCCr8S+M0KeyFwT8YcmTE","action":"EXTENSION_UPDATER", "result":""}
{"logTime": "0113/030428", "correlationVector":"891EB92645804222BF6152167CD427F8","action":"FETCH_UX_CONFIG", "result":""}
{"logTime": "0113/030701", "correlationVector":"9KqNcSUYgbthkkbepstKrB","action":"EXTENSION_ACTIVITY_LOG_STATUS_FETCHER", "result":""}
{"logTime": "0113/192547", "correlationVector":"o4TlzTmQuiZR2yPkVsM4aQ","action":"EXTENSION_UPDATER", "result":""}
{"logTime": "0113/192547", "correlationVector":"1B50722ABAB846BE8F6A6122AA15A22C","action":"FETCH_UX_CONFIG", "result":""}
{"logTime": "0113/192755", "correlationVector":"QP+3etyJoJF9804spoj6Gs","action":"EXTENSION_ACTIVITY_LOG_STATUS_FETCHER", "result":""}
{"logTime": "0113/202546", "correlationVector":"950BEC98F0D643529CC0EE44510C85CA","action":"FETCH_UX_CONFIG", "result":""}
{"logTime": "0113/212546", "correlationVector":"EFFE96016F0F458E829EAA8072916D37","action":"FETCH_UX_CONFIG", "result":""}
{"logTime": "0113/222547", "correlationVector":"21FF1B6C685B434298143F099F933394","action":"FETCH_UX_CONFIG", "result":""}
{"logTime": "0113/232547", "correlationVector":"2D3577B51B4D4A25B85393A64C0A1452","action":"FETCH_UX_CONFIG", "result":""}
{"logTime": "0114/002547", "correlationVector":"212DB50172D3436E90E808FDBB8B0173","action":"FETCH_UX_CONFIG", "result":""}
{"logTime": "0114/002756", "correlationVector":"iytSk9Fmo2c17fHHJtUDPS","action":"EXTENSION_ACTIVITY_LOG_STATUS_FETCHER", "result":""}
{"logTime": "0114/004246", "correlationVector":"1nLGr3Z2f09KFB/kSMGYQv","action":"EXTENSION_UPDATER", "result":""}
{"logTime": "0114/012547", "correlationVector":"4AA8C812EF864478A89344B0E515208F","action":"FETCH_UX_CONFIG", "result":""}
{"logTime": "0114/022547", "correlationVector":"E633B4FAF1704168AFEEA0B2BBAB0AE1","action":"FETCH_UX_CONFIG", "result":""}
{"logTime": "0114/171844", "correlationVector":"YvDb735Znnccg9pjpHgT7O","action":"EXTENSION_ACTIVITY_LOG_STATUS_FETCHER", "result":""}
{"logTime": "0114/171844", "correlationVector":"pSXK5E2nDarlfqcygm/HiU","action":"EXTENSION_UPDATER", "result":""}
{"logTime": "0114/171846", "correlationVector":"5EB0B1A14E484939B80EFC274A8912C8","action":"FETCH_UX_CONFIG", "result":""}
{"logTime": "0114/181843", "correlationVector":"EFDD20225A1A43C185E02AD1C23B3442","action":"FETCH_UX_CONFIG", "result":""}
{"logTime": "0114/191843", "correlationVector":"8C5351554E1E4C58B559B3B1F3666058","action":"FETCH_UX_CONFIG", "result":""}
{"logTime": "0114/201843", "correlationVector":"BC0D0F76539D4807A6D5CE81DFC1744B","action":"FETCH_UX_CONFIG", "result":""}
{"logTime": "0114/211843", "correlationVector":"1A4E409B5F3C463A9F4D8777B0074BD8","action":"FETCH_UX_CONFIG", "result":""}
{"logTime": "0114/214444", "correlationVector":"AWjHbpJVwgB8Fbz264ml4W","action":"EXTENSION_UPDATER", "result":""}
{"logTime": "0114/221843", "correlationVector":"C2801C30E54E40A2BCAB4F6235E45917","action":"FETCH_UX_CONFIG", "result":""}
{"logTime": "0114/221846", "correlationVector":"EDfbqck8IdA1BNK5l8OKUM","action":"EXTENSION_ACTIVITY_LOG_STATUS_FETCHER", "result":""}
{"logTime": "0114/231844", "correlationVector":"BCCE46215B074AF88EE758411C71DCDC","action":"FETCH_UX_CONFIG", "result":""}
{"logTime": "0115/001843", "correlationVector":"0BCB484BDC174A9BA619EF5F9BF20E3C","action":"FETCH_UX_CONFIG", "result":""}
{"logTime": "0115/011843", "correlationVector":"A0B4F708028C4E09AD022A14C36B321F","action":"FETCH_UX_CONFIG", "result":""}
{"logTime": "0115/021843", "correlationVector":"00D50898FE034A23970F10BC4555F613","action":"FETCH_UX_CONFIG", "result":""}
{"logTime": "0115/025003", "correlationVector":"KPSPDXEqjQZ9RmG7147hku","action":"EXTENSION_UPDATER", "result":""}
{"logTime": "0115/031843", "correlationVector":"37D71D298E554F2F95E4501AE562A2FC","action":"FETCH_UX_CONFIG", "result":""}
{"logTime": "0115/031846", "correlationVector":"ZE4qaFU2bcZeWR/LjkJnNm","action":"EXTENSION_ACTIVITY_LOG_STATUS_FETCHER", "result":""}
{"logTime": "0115/041844", "correlationVector":"9179751257194557B38FC6840A82A79F","action":"FETCH_UX_CONFIG", "result":""}
{"logTime": "0115/051843", "correlationVector":"8E32C1CAE8644BB4885896CD8419A6FF","action":"FETCH_UX_CONFIG", "result":""}
{"logTime": "0115/151529", "correlationVector":"PPhDOHd86izBwrOonYFqRj","action":"EXTENSION_ACTIVITY_LOG_STATUS_FETCHER", "result":""}
{"logTime": "0115/151529", "correlationVector":"zXNR0Zn6RtXdmDcAXLrmZu","action":"EXTENSION_UPDATER", "result":""}
{"logTime": "0115/151532", "correlationVector":"861184844EF644F4870F3D92AFD7F046","action":"FETCH_UX_CONFIG", "result":""}
{"logTime": "0115/220023", "correlationVector":"L5Xh2KRTAh0qleQQ7o0LES","action":"EXTENSION_ACTIVITY_LOG_STATUS_FETCHER", "result":""}
{"logTime": "0115/220024", "correlationVector":"lHSZNRVuIywaIwQP3ASP5r","action":"EXTENSION_UPDATER", "result":""}
{"logTime": "0115/220025", "correlationVector":"41D8EA2980514A4A9B19FB1825AB4622","action":"FETCH_UX_CONFIG", "result":""}
{"logTime": "0115/230016", "correlationVector":"7258D8D48CC84DE49D6D598173C01E4B","action":"FETCH_UX_CONFIG", "result":""}
